[ 2017-03-26T21:58:58+08:00 ] ::1 /demo.ready.net/admin.php
INFO: [ app_init ] --START--
INFO: Run Behavior\BuildLiteBehavior [ RunTime:0.000000s ]
INFO: [ app_init ] --END-- [ RunTime:0.003000s ]
INFO: [ app_begin ] --START--
INFO: Run Behavior\ReadHtmlCacheBehavior [ RunTime:0.002000s ]
INFO: [ app_begin ] --END-- [ RunTime:0.002000s ]

[ 2017-03-26T21:58:58+08:00 ] ::1 /demo.ready.net/admin.php/Public/login.html
INFO: [ app_init ] --START--
INFO: Run Behavior\BuildLiteBehavior [ RunTime:0.000000s ]
INFO: [ app_init ] --END-- [ RunTime:0.000000s ]
INFO: [ app_begin ] --START--
INFO: Run Behavior\ReadHtmlCacheBehavior [ RunTime:0.001000s ]
INFO: [ app_begin ] --END-- [ RunTime:0.002000s ]
INFO: [ view_parse ] --START--
INFO: [ template_filter ] --START--
INFO: Run Behavior\ContentReplaceBehavior [ RunTime:0.010001s ]
INFO: [ template_filter ] --END-- [ RunTime:0.010001s ]
INFO: Run Behavior\ParseTemplateBehavior [ RunTime:0.099006s ]
INFO: [ view_parse ] --END-- [ RunTime:0.100006s ]
INFO: [ view_filter ] --START--
INFO: Run Behavior\WriteHtmlCacheBehavior [ RunTime:0.002000s ]
INFO: [ view_filter ] --END-- [ RunTime:0.003000s ]
INFO: [ app_end ] --START--
INFO: Run Behavior\ShowPageTraceBehavior [ RunTime:0.012001s ]
INFO: [ app_end ] --END-- [ RunTime:0.012001s ]

[ 2017-03-26T21:59:03+08:00 ] ::1 /demo.ready.net/admin.php/Public/login.html
INFO: [ app_init ] --START--
INFO: Run Behavior\BuildLiteBehavior [ RunTime:0.000000s ]
INFO: [ app_init ] --END-- [ RunTime:0.000000s ]
INFO: [ app_begin ] --START--
INFO: Run Behavior\ReadHtmlCacheBehavior [ RunTime:0.001000s ]
INFO: [ app_begin ] --END-- [ RunTime:0.001000s ]
SQL: SHOW COLUMNS FROM `ms_admin` [ RunTime:0.0468s ]
SQL: SELECT * FROM `ms_admin` WHERE `username` = 'admin' AND `password` = 'c4ca4238a0b923820dcc509a6f75849b' AND `status` = 1 LIMIT 1   [ RunTime:0.0000s ]
SQL: SHOW COLUMNS FROM `ms_admin_group` [ RunTime:0.0312s ]
SQL: SELECT * FROM `ms_admin_group` WHERE `id` = 1 LIMIT 1   [ RunTime:0.0000s ]
SQL: SHOW COLUMNS FROM `ms_menu` [ RunTime:0.0312s ]
SQL: SELECT * FROM `ms_menu` WHERE `parent_id` = 0 AND `id` IN ('1','2','18','29','37','3','24','25','30','31','42','44','26','27','28','47','32','33','36','41','34','35','38','39','40','45','46','48','49','50') AND `is_show` = 1  [ RunTime:0.0156s ]
SQL: SELECT * FROM `ms_menu` WHERE `parent_id` = 1 AND `is_show` = 1 AND `id` IN ('1','2','18','29','37','3','24','25','30','31','42','44','26','27','28','47','32','33','36','41','34','35','38','39','40','45','46','48','49','50')  [ RunTime:0.0000s ]
SQL: SELECT * FROM `ms_menu` WHERE `parent_id` = 3 AND `is_show` = 1 AND `id` IN ('1','2','18','29','37','3','24','25','30','31','42','44','26','27','28','47','32','33','36','41','34','35','38','39','40','45','46','48','49','50')  [ RunTime:0.0000s ]
SQL: SELECT * FROM `ms_menu` WHERE `parent_id` = 24 AND `is_show` = 1 AND `id` IN ('1','2','18','29','37','3','24','25','30','31','42','44','26','27','28','47','32','33','36','41','34','35','38','39','40','45','46','48','49','50')  [ RunTime:0.0000s ]
SQL: SELECT * FROM `ms_menu` WHERE `parent_id` = 26 AND `is_show` = 1 AND `id` IN ('1','2','18','29','37','3','24','25','30','31','42','44','26','27','28','47','32','33','36','41','34','35','38','39','40','45','46','48','49','50')  [ RunTime:0.0000s ]
SQL: SELECT * FROM `ms_menu` WHERE `parent_id` = 32 AND `is_show` = 1 AND `id` IN ('1','2','18','29','37','3','24','25','30','31','42','44','26','27','28','47','32','33','36','41','34','35','38','39','40','45','46','48','49','50')  [ RunTime:0.0156s ]
SQL: SELECT * FROM `ms_menu` WHERE `parent_id` = 34 AND `is_show` = 1 AND `id` IN ('1','2','18','29','37','3','24','25','30','31','42','44','26','27','28','47','32','33','36','41','34','35','38','39','40','45','46','48','49','50')  [ RunTime:0.0000s ]
SQL: SELECT * FROM `ms_menu` WHERE `parent_id` = 38 AND `is_show` = 1 AND `id` IN ('1','2','18','29','37','3','24','25','30','31','42','44','26','27','28','47','32','33','36','41','34','35','38','39','40','45','46','48','49','50')  [ RunTime:0.0000s ]
SQL: SELECT * FROM `ms_menu` WHERE `parent_id` = 45 AND `is_show` = 1 AND `id` IN ('1','2','18','29','37','3','24','25','30','31','42','44','26','27','28','47','32','33','36','41','34','35','38','39','40','45','46','48','49','50')  [ RunTime:0.0000s ]
SQL: SELECT * FROM `ms_menu` WHERE `parent_id` = 48 AND `is_show` = 1 AND `id` IN ('1','2','18','29','37','3','24','25','30','31','42','44','26','27','28','47','32','33','36','41','34','35','38','39','40','45','46','48','49','50')  [ RunTime:0.0000s ]

[ 2017-03-26T21:59:03+08:00 ] ::1 /demo.ready.net/admin.php/Index/index.html
INFO: [ app_init ] --START--
INFO: Run Behavior\BuildLiteBehavior [ RunTime:0.000000s ]
INFO: [ app_init ] --END-- [ RunTime:0.000000s ]
INFO: [ app_begin ] --START--
INFO: Run Behavior\ReadHtmlCacheBehavior [ RunTime:0.001000s ]
INFO: [ app_begin ] --END-- [ RunTime:0.001000s ]
INFO: [ view_parse ] --START--
INFO: [ template_filter ] --START--
INFO: Run Behavior\ContentReplaceBehavior [ RunTime:0.001000s ]
INFO: [ template_filter ] --END-- [ RunTime:0.001000s ]
INFO: Run Behavior\ParseTemplateBehavior [ RunTime:0.074004s ]
INFO: [ view_parse ] --END-- [ RunTime:0.074004s ]
INFO: [ view_filter ] --START--
INFO: Run Behavior\WriteHtmlCacheBehavior [ RunTime:0.001001s ]
INFO: [ view_filter ] --END-- [ RunTime:0.001001s ]
INFO: [ app_end ] --START--
INFO: Run Behavior\ShowPageTraceBehavior [ RunTime:0.001000s ]
INFO: [ app_end ] --END-- [ RunTime:0.001000s ]

[ 2017-03-26T21:59:07+08:00 ] ::1 /demo.ready.net/admin.php/order/orderlist
INFO: [ app_init ] --START--
INFO: Run Behavior\BuildLiteBehavior [ RunTime:0.000000s ]
INFO: [ app_init ] --END-- [ RunTime:0.000000s ]
INFO: [ app_begin ] --START--
INFO: Run Behavior\ReadHtmlCacheBehavior [ RunTime:0.001000s ]
INFO: [ app_begin ] --END-- [ RunTime:0.001000s ]
SQL: SHOW COLUMNS FROM `ms_order` [ RunTime:0.0410s ]
SQL: SELECT * FROM `ms_order`  [ RunTime:0.0010s ]
INFO: [ view_parse ] --START--
INFO: [ template_filter ] --START--
INFO: Run Behavior\ContentReplaceBehavior [ RunTime:0.000000s ]
INFO: [ template_filter ] --END-- [ RunTime:0.000000s ]
INFO: Run Behavior\ParseTemplateBehavior [ RunTime:0.045003s ]
INFO: [ view_parse ] --END-- [ RunTime:0.045003s ]
INFO: [ view_filter ] --START--
INFO: Run Behavior\WriteHtmlCacheBehavior [ RunTime:0.001000s ]
INFO: [ view_filter ] --END-- [ RunTime:0.001000s ]
INFO: [ app_end ] --START--
INFO: Run Behavior\ShowPageTraceBehavior [ RunTime:0.001000s ]
INFO: [ app_end ] --END-- [ RunTime:0.001000s ]

[ 2017-03-26T22:01:05+08:00 ] ::1 /demo.ready.net/admin.php/order/orderlist
INFO: [ app_init ] --START--
INFO: Run Behavior\BuildLiteBehavior [ RunTime:0.000000s ]
INFO: [ app_init ] --END-- [ RunTime:0.000000s ]
INFO: [ app_begin ] --START--
INFO: Run Behavior\ReadHtmlCacheBehavior [ RunTime:0.001000s ]
INFO: [ app_begin ] --END-- [ RunTime:0.001000s ]
SQL: SHOW COLUMNS FROM `ms_order` [ RunTime:0.0070s ]
SQL: SELECT * FROM `ms_order`  [ RunTime:0.0000s ]
INFO: [ view_parse ] --START--
INFO: [ template_filter ] --START--
INFO: Run Behavior\ContentReplaceBehavior [ RunTime:0.000000s ]
INFO: [ template_filter ] --END-- [ RunTime:0.000000s ]
INFO: Run Behavior\ParseTemplateBehavior [ RunTime:0.030002s ]
INFO: [ view_parse ] --END-- [ RunTime:0.031002s ]
INFO: [ view_filter ] --START--
INFO: Run Behavior\WriteHtmlCacheBehavior [ RunTime:0.000000s ]
INFO: [ view_filter ] --END-- [ RunTime:0.000000s ]
INFO: [ app_end ] --START--
INFO: Run Behavior\ShowPageTraceBehavior [ RunTime:0.001000s ]
INFO: [ app_end ] --END-- [ RunTime:0.001000s ]

[ 2017-03-26T22:01:56+08:00 ] ::1 /demo.ready.net/admin.php/order/orderlist
INFO: [ app_init ] --START--
INFO: Run Behavior\BuildLiteBehavior [ RunTime:0.000000s ]
INFO: [ app_init ] --END-- [ RunTime:0.000000s ]
INFO: [ app_begin ] --START--
INFO: Run Behavior\ReadHtmlCacheBehavior [ RunTime:0.000000s ]
INFO: [ app_begin ] --END-- [ RunTime:0.001000s ]
SQL: SHOW COLUMNS FROM `ms_order` [ RunTime:0.0070s ]
SQL: SELECT * FROM `ms_order`  [ RunTime:0.0010s ]
INFO: [ view_parse ] --START--
INFO: [ template_filter ] --START--
INFO: Run Behavior\ContentReplaceBehavior [ RunTime:0.000000s ]
INFO: [ template_filter ] --END-- [ RunTime:0.000000s ]
INFO: Run Behavior\ParseTemplateBehavior [ RunTime:0.024002s ]
INFO: [ view_parse ] --END-- [ RunTime:0.024002s ]
INFO: [ view_filter ] --START--
INFO: Run Behavior\WriteHtmlCacheBehavior [ RunTime:0.000000s ]
INFO: [ view_filter ] --END-- [ RunTime:0.000000s ]
INFO: [ app_end ] --START--
INFO: Run Behavior\ShowPageTraceBehavior [ RunTime:0.001000s ]
INFO: [ app_end ] --END-- [ RunTime:0.001000s ]

[ 2017-03-26T22:03:08+08:00 ] ::1 /demo.ready.net/admin.php/order/orderlist
INFO: [ app_init ] --START--
INFO: Run Behavior\BuildLiteBehavior [ RunTime:0.000000s ]
INFO: [ app_init ] --END-- [ RunTime:0.000000s ]
INFO: [ app_begin ] --START--
INFO: Run Behavior\ReadHtmlCacheBehavior [ RunTime:0.001000s ]
INFO: [ app_begin ] --END-- [ RunTime:0.001000s ]
SQL: SHOW COLUMNS FROM `ms_order` [ RunTime:0.0080s ]
SQL: SELECT * FROM `ms_order`  [ RunTime:0.0010s ]
INFO: [ view_parse ] --START--
INFO: [ template_filter ] --START--
INFO: Run Behavior\ContentReplaceBehavior [ RunTime:0.000000s ]
INFO: [ template_filter ] --END-- [ RunTime:0.000000s ]
INFO: Run Behavior\ParseTemplateBehavior [ RunTime:0.027002s ]
INFO: [ view_parse ] --END-- [ RunTime:0.027002s ]
INFO: [ view_filter ] --START--
INFO: Run Behavior\WriteHtmlCacheBehavior [ RunTime:0.000000s ]
INFO: [ view_filter ] --END-- [ RunTime:0.000000s ]
INFO: [ app_end ] --START--
INFO: Run Behavior\ShowPageTraceBehavior [ RunTime:0.002000s ]
INFO: [ app_end ] --END-- [ RunTime:0.002000s ]

[ 2017-03-26T22:03:40+08:00 ] ::1 /demo.ready.net/admin.php/order/orderlist
INFO: [ app_init ] --START--
INFO: Run Behavior\BuildLiteBehavior [ RunTime:0.000000s ]
INFO: [ app_init ] --END-- [ RunTime:0.000000s ]
INFO: [ app_begin ] --START--
INFO: Run Behavior\ReadHtmlCacheBehavior [ RunTime:0.001000s ]
INFO: [ app_begin ] --END-- [ RunTime:0.001000s ]
SQL: SHOW COLUMNS FROM `ms_order` [ RunTime:0.0090s ]
SQL: SELECT * FROM `ms_order`  [ RunTime:0.0000s ]
INFO: [ view_parse ] --START--
INFO: [ template_filter ] --START--
INFO: Run Behavior\ContentReplaceBehavior [ RunTime:0.000000s ]
INFO: [ template_filter ] --END-- [ RunTime:0.000000s ]
INFO: Run Behavior\ParseTemplateBehavior [ RunTime:0.025001s ]
INFO: [ view_parse ] --END-- [ RunTime:0.025001s ]
INFO: [ view_filter ] --START--
INFO: Run Behavior\WriteHtmlCacheBehavior [ RunTime:0.000000s ]
INFO: [ view_filter ] --END-- [ RunTime:0.000000s ]
INFO: [ app_end ] --START--
INFO: Run Behavior\ShowPageTraceBehavior [ RunTime:0.002000s ]
INFO: [ app_end ] --END-- [ RunTime:0.003000s ]

[ 2017-03-26T22:03:45+08:00 ] ::1 /demo.ready.net/admin.php/order/edit_order.html
INFO: [ app_init ] --START--
INFO: Run Behavior\BuildLiteBehavior [ RunTime:0.001000s ]
INFO: [ app_init ] --END-- [ RunTime:0.001000s ]
INFO: [ app_begin ] --START--
INFO: Run Behavior\ReadHtmlCacheBehavior [ RunTime:0.004000s ]
INFO: [ app_begin ] --END-- [ RunTime:0.004000s ]
SQL: SHOW COLUMNS FROM `ms_order` [ RunTime:0.0070s ]
SQL: SHOW COLUMNS FROM `ms_order` [ RunTime:0.0090s ]
NOTIC: [2] Illegal offset type D:\WWW\demo.ready.net\ThinkPHP\Library\Think\Model.class.php 第 722 行.
ERR: 模板不存在:./Application/Admin/View/Order/edit_order.html

