[ 2017-03-23T09:32:02+08:00 ] ::1 /demo.lgwsh.net/admin.php/user/userlist
INFO: [ app_init ] --START--
INFO: Run Behavior\BuildLiteBehavior [ RunTime:0.000000s ]
INFO: [ app_init ] --END-- [ RunTime:0.000000s ]
INFO: [ app_begin ] --START--
INFO: Run Behavior\ReadHtmlCacheBehavior [ RunTime:0.001000s ]
INFO: [ app_begin ] --END-- [ RunTime:0.001000s ]
SQL: SHOW COLUMNS FROM `ms_user` [ RunTime:0.0170s ]
SQL: SELECT * FROM `ms_user`  [ RunTime:0.0010s ]
INFO: [ view_parse ] --START--
INFO: [ template_filter ] --START--
INFO: Run Behavior\ContentReplaceBehavior [ RunTime:0.000000s ]
INFO: [ template_filter ] --END-- [ RunTime:0.000000s ]
INFO: Run Behavior\ParseTemplateBehavior [ RunTime:0.031001s ]
INFO: [ view_parse ] --END-- [ RunTime:0.032001s ]
INFO: [ view_filter ] --START--
INFO: Run Behavior\WriteHtmlCacheBehavior [ RunTime:0.000000s ]
INFO: [ view_filter ] --END-- [ RunTime:0.000000s ]
INFO: [ app_end ] --START--
INFO: Run Behavior\ShowPageTraceBehavior [ RunTime:0.001000s ]
INFO: [ app_end ] --END-- [ RunTime:0.001000s ]

[ 2017-03-23T09:32:03+08:00 ] ::1 /demo.lgwsh.net/admin.php/user/add_user.html
INFO: [ app_init ] --START--
INFO: Run Behavior\BuildLiteBehavior [ RunTime:0.000000s ]
INFO: [ app_init ] --END-- [ RunTime:0.000000s ]
INFO: [ app_begin ] --START--
INFO: Run Behavior\ReadHtmlCacheBehavior [ RunTime:0.000000s ]
INFO: [ app_begin ] --END-- [ RunTime:0.000000s ]
SQL: SHOW COLUMNS FROM `ms_user` [ RunTime:0.0050s ]

[ 2017-03-23T09:32:03+08:00 ] ::1 /demo.lgwsh.net/admin.php/Public/404.html
INFO: [ app_init ] --START--
INFO: Run Behavior\BuildLiteBehavior [ RunTime:0.000000s ]
INFO: [ app_init ] --END-- [ RunTime:0.001000s ]
INFO: [ app_begin ] --START--
INFO: Run Behavior\ReadHtmlCacheBehavior [ RunTime:0.001000s ]
INFO: [ app_begin ] --END-- [ RunTime:0.001000s ]
INFO: [ view_parse ] --START--
INFO: [ template_filter ] --START--
INFO: Run Behavior\ContentReplaceBehavior [ RunTime:0.000000s ]
INFO: [ template_filter ] --END-- [ RunTime:0.000000s ]
NOTIC: [8] Undefined variable: admin_menu D:\WWW\demo.lgwsh.net\Application\Runtime\Cache\Admin\eeaad4d8dba2bb5eea3891b173dcdc59.php 第 55 行.
INFO: Run Behavior\ParseTemplateBehavior [ RunTime:0.012001s ]
INFO: [ view_parse ] --END-- [ RunTime:0.012001s ]
INFO: [ view_filter ] --START--
INFO: Run Behavior\WriteHtmlCacheBehavior [ RunTime:0.000000s ]
INFO: [ view_filter ] --END-- [ RunTime:0.000000s ]
INFO: [ app_end ] --START--
INFO: Run Behavior\ShowPageTraceBehavior [ RunTime:0.001000s ]
INFO: [ app_end ] --END-- [ RunTime:0.001000s ]

[ 2017-03-23T09:32:09+08:00 ] ::1 /demo.lgwsh.net/admin.php/user/useradd
INFO: [ app_init ] --START--
INFO: Run Behavior\BuildLiteBehavior [ RunTime:0.000000s ]
INFO: [ app_init ] --END-- [ RunTime:0.000000s ]
INFO: [ app_begin ] --START--
INFO: Run Behavior\ReadHtmlCacheBehavior [ RunTime:0.000000s ]
INFO: [ app_begin ] --END-- [ RunTime:0.000000s ]
SQL: SHOW COLUMNS FROM `ms_user` [ RunTime:0.0060s ]
SQL: SHOW COLUMNS FROM `ms_goods` [ RunTime:0.0050s ]
SQL: SELECT * FROM `ms_goods` WHERE `pro_type` = 1  [ RunTime:0.0000s ]
INFO: [ view_parse ] --START--
INFO: [ template_filter ] --START--
INFO: Run Behavior\ContentReplaceBehavior [ RunTime:0.000000s ]
INFO: [ template_filter ] --END-- [ RunTime:0.000000s ]
NOTIC: [8] Undefined variable: id D:\WWW\demo.lgwsh.net\Application\Runtime\Cache\Admin\244f0e186f6c74cf92263867262fd401.php 第 101 行.
NOTIC: [8] Undefined index: username D:\WWW\demo.lgwsh.net\Application\Runtime\Cache\Admin\244f0e186f6c74cf92263867262fd401.php 第 105 行.
NOTIC: [8] Undefined index: truename D:\WWW\demo.lgwsh.net\Application\Runtime\Cache\Admin\244f0e186f6c74cf92263867262fd401.php 第 112 行.
NOTIC: [8] Undefined index: phone D:\WWW\demo.lgwsh.net\Application\Runtime\Cache\Admin\244f0e186f6c74cf92263867262fd401.php 第 118 行.
NOTIC: [8] Undefined index: id_card D:\WWW\demo.lgwsh.net\Application\Runtime\Cache\Admin\244f0e186f6c74cf92263867262fd401.php 第 124 行.
NOTIC: [8] Undefined variable: user_level D:\WWW\demo.lgwsh.net\Application\Runtime\Cache\Admin\244f0e186f6c74cf92263867262fd401.php 第 132 行.
NOTIC: [8] Undefined index: phone D:\WWW\demo.lgwsh.net\Application\Runtime\Cache\Admin\244f0e186f6c74cf92263867262fd401.php 第 138 行.
NOTIC: [8] Undefined index: phone D:\WWW\demo.lgwsh.net\Application\Runtime\Cache\Admin\244f0e186f6c74cf92263867262fd401.php 第 144 行.
NOTIC: [8] Undefined index: phone D:\WWW\demo.lgwsh.net\Application\Runtime\Cache\Admin\244f0e186f6c74cf92263867262fd401.php 第 150 行.
NOTIC: [8] Undefined index: parent_id D:\WWW\demo.lgwsh.net\Application\Runtime\Cache\Admin\244f0e186f6c74cf92263867262fd401.php 第 158 行.
NOTIC: [8] Undefined index: id D:\WWW\demo.lgwsh.net\Application\Runtime\Cache\Admin\244f0e186f6c74cf92263867262fd401.php 第 158 行.
NOTIC: [8] Undefined index: parent_id D:\WWW\demo.lgwsh.net\Application\Runtime\Cache\Admin\244f0e186f6c74cf92263867262fd401.php 第 158 行.
NOTIC: [8] Undefined index: id D:\WWW\demo.lgwsh.net\Application\Runtime\Cache\Admin\244f0e186f6c74cf92263867262fd401.php 第 158 行.
NOTIC: [8] Undefined index: parent_id D:\WWW\demo.lgwsh.net\Application\Runtime\Cache\Admin\244f0e186f6c74cf92263867262fd401.php 第 158 行.
NOTIC: [8] Undefined index: id D:\WWW\demo.lgwsh.net\Application\Runtime\Cache\Admin\244f0e186f6c74cf92263867262fd401.php 第 158 行.
NOTIC: [8] Undefined index: parent_id D:\WWW\demo.lgwsh.net\Application\Runtime\Cache\Admin\244f0e186f6c74cf92263867262fd401.php 第 158 行.
NOTIC: [8] Undefined index: id D:\WWW\demo.lgwsh.net\Application\Runtime\Cache\Admin\244f0e186f6c74cf92263867262fd401.php 第 158 行.
NOTIC: [8] Undefined index: parent_id D:\WWW\demo.lgwsh.net\Application\Runtime\Cache\Admin\244f0e186f6c74cf92263867262fd401.php 第 167 行.
NOTIC: [2] Illegal string offset 'id' D:\WWW\demo.lgwsh.net\Application\Runtime\Cache\Admin\244f0e186f6c74cf92263867262fd401.php 第 167 行.
NOTIC: [8] Undefined index: parent_id D:\WWW\demo.lgwsh.net\Application\Runtime\Cache\Admin\244f0e186f6c74cf92263867262fd401.php 第 167 行.
NOTIC: [2] Illegal string offset 'id' D:\WWW\demo.lgwsh.net\Application\Runtime\Cache\Admin\244f0e186f6c74cf92263867262fd401.php 第 167 行.
NOTIC: [8] Undefined index: parent_id D:\WWW\demo.lgwsh.net\Application\Runtime\Cache\Admin\244f0e186f6c74cf92263867262fd401.php 第 167 行.
NOTIC: [2] Illegal string offset 'id' D:\WWW\demo.lgwsh.net\Application\Runtime\Cache\Admin\244f0e186f6c74cf92263867262fd401.php 第 167 行.
NOTIC: [8] Undefined index: bank_user D:\WWW\demo.lgwsh.net\Application\Runtime\Cache\Admin\244f0e186f6c74cf92263867262fd401.php 第 173 行.
NOTIC: [8] Undefined index: bank_tree D:\WWW\demo.lgwsh.net\Application\Runtime\Cache\Admin\244f0e186f6c74cf92263867262fd401.php 第 179 行.
NOTIC: [8] Undefined index: address D:\WWW\demo.lgwsh.net\Application\Runtime\Cache\Admin\244f0e186f6c74cf92263867262fd401.php 第 185 行.
NOTIC: [8] Undefined index: left_right D:\WWW\demo.lgwsh.net\Application\Runtime\Cache\Admin\244f0e186f6c74cf92263867262fd401.php 第 192 行.
NOTIC: [8] Undefined index: left_right D:\WWW\demo.lgwsh.net\Application\Runtime\Cache\Admin\244f0e186f6c74cf92263867262fd401.php 第 195 行.
INFO: Run Behavior\ParseTemplateBehavior [ RunTime:0.013001s ]
INFO: [ view_parse ] --END-- [ RunTime:0.014001s ]
INFO: [ view_filter ] --START--
INFO: Run Behavior\WriteHtmlCacheBehavior [ RunTime:0.000000s ]
INFO: [ view_filter ] --END-- [ RunTime:0.000000s ]
INFO: [ app_end ] --START--
INFO: Run Behavior\ShowPageTraceBehavior [ RunTime:0.000000s ]
INFO: [ app_end ] --END-- [ RunTime:0.001000s ]

[ 2017-03-23T09:32:50+08:00 ] ::1 /demo.lgwsh.net/admin.php/user/useradd
INFO: [ app_init ] --START--
INFO: Run Behavior\BuildLiteBehavior [ RunTime:0.000000s ]
INFO: [ app_init ] --END-- [ RunTime:0.000000s ]
INFO: [ app_begin ] --START--
INFO: Run Behavior\ReadHtmlCacheBehavior [ RunTime:0.001000s ]
INFO: [ app_begin ] --END-- [ RunTime:0.001000s ]
SQL: SHOW COLUMNS FROM `ms_user` [ RunTime:0.0160s ]
SQL: SHOW COLUMNS FROM `ms_goods` [ RunTime:0.0040s ]
SQL: SELECT * FROM `ms_goods` WHERE `pro_type` = 1  [ RunTime:0.0000s ]
INFO: [ view_parse ] --START--
INFO: [ template_filter ] --START--
INFO: Run Behavior\ContentReplaceBehavior [ RunTime:0.000000s ]
INFO: [ template_filter ] --END-- [ RunTime:0.000000s ]
NOTIC: [8] Undefined variable: id D:\WWW\demo.lgwsh.net\Application\Runtime\Cache\Admin\244f0e186f6c74cf92263867262fd401.php 第 101 行.
NOTIC: [8] Undefined index: username D:\WWW\demo.lgwsh.net\Application\Runtime\Cache\Admin\244f0e186f6c74cf92263867262fd401.php 第 105 行.
NOTIC: [8] Undefined index: truename D:\WWW\demo.lgwsh.net\Application\Runtime\Cache\Admin\244f0e186f6c74cf92263867262fd401.php 第 112 行.
NOTIC: [8] Undefined index: phone D:\WWW\demo.lgwsh.net\Application\Runtime\Cache\Admin\244f0e186f6c74cf92263867262fd401.php 第 118 行.
NOTIC: [8] Undefined index: id_card D:\WWW\demo.lgwsh.net\Application\Runtime\Cache\Admin\244f0e186f6c74cf92263867262fd401.php 第 124 行.
NOTIC: [8] Undefined index: parent_id D:\WWW\demo.lgwsh.net\Application\Runtime\Cache\Admin\244f0e186f6c74cf92263867262fd401.php 第 132 行.
NOTIC: [2] Illegal string offset 'id' D:\WWW\demo.lgwsh.net\Application\Runtime\Cache\Admin\244f0e186f6c74cf92263867262fd401.php 第 132 行.
NOTIC: [8] Undefined index: parent_id D:\WWW\demo.lgwsh.net\Application\Runtime\Cache\Admin\244f0e186f6c74cf92263867262fd401.php 第 132 行.
NOTIC: [2] Illegal string offset 'id' D:\WWW\demo.lgwsh.net\Application\Runtime\Cache\Admin\244f0e186f6c74cf92263867262fd401.php 第 132 行.
NOTIC: [8] Undefined index: phone D:\WWW\demo.lgwsh.net\Application\Runtime\Cache\Admin\244f0e186f6c74cf92263867262fd401.php 第 138 行.
NOTIC: [8] Undefined index: phone D:\WWW\demo.lgwsh.net\Application\Runtime\Cache\Admin\244f0e186f6c74cf92263867262fd401.php 第 144 行.
NOTIC: [8] Undefined index: phone D:\WWW\demo.lgwsh.net\Application\Runtime\Cache\Admin\244f0e186f6c74cf92263867262fd401.php 第 150 行.
NOTIC: [8] Undefined index: parent_id D:\WWW\demo.lgwsh.net\Application\Runtime\Cache\Admin\244f0e186f6c74cf92263867262fd401.php 第 158 行.
NOTIC: [8] Undefined index: id D:\WWW\demo.lgwsh.net\Application\Runtime\Cache\Admin\244f0e186f6c74cf92263867262fd401.php 第 158 行.
NOTIC: [8] Undefined index: parent_id D:\WWW\demo.lgwsh.net\Application\Runtime\Cache\Admin\244f0e186f6c74cf92263867262fd401.php 第 158 行.
NOTIC: [8] Undefined index: id D:\WWW\demo.lgwsh.net\Application\Runtime\Cache\Admin\244f0e186f6c74cf92263867262fd401.php 第 158 行.
NOTIC: [8] Undefined index: parent_id D:\WWW\demo.lgwsh.net\Application\Runtime\Cache\Admin\244f0e186f6c74cf92263867262fd401.php 第 158 行.
NOTIC: [8] Undefined index: id D:\WWW\demo.lgwsh.net\Application\Runtime\Cache\Admin\244f0e186f6c74cf92263867262fd401.php 第 158 行.
NOTIC: [8] Undefined index: parent_id D:\WWW\demo.lgwsh.net\Application\Runtime\Cache\Admin\244f0e186f6c74cf92263867262fd401.php 第 158 行.
NOTIC: [8] Undefined index: id D:\WWW\demo.lgwsh.net\Application\Runtime\Cache\Admin\244f0e186f6c74cf92263867262fd401.php 第 158 行.
NOTIC: [8] Undefined index: parent_id D:\WWW\demo.lgwsh.net\Application\Runtime\Cache\Admin\244f0e186f6c74cf92263867262fd401.php 第 167 行.
NOTIC: [2] Illegal string offset 'id' D:\WWW\demo.lgwsh.net\Application\Runtime\Cache\Admin\244f0e186f6c74cf92263867262fd401.php 第 167 行.
NOTIC: [8] Undefined index: parent_id D:\WWW\demo.lgwsh.net\Application\Runtime\Cache\Admin\244f0e186f6c74cf92263867262fd401.php 第 167 行.
NOTIC: [2] Illegal string offset 'id' D:\WWW\demo.lgwsh.net\Application\Runtime\Cache\Admin\244f0e186f6c74cf92263867262fd401.php 第 167 行.
NOTIC: [8] Undefined index: parent_id D:\WWW\demo.lgwsh.net\Application\Runtime\Cache\Admin\244f0e186f6c74cf92263867262fd401.php 第 167 行.
NOTIC: [2] Illegal string offset 'id' D:\WWW\demo.lgwsh.net\Application\Runtime\Cache\Admin\244f0e186f6c74cf92263867262fd401.php 第 167 行.
NOTIC: [8] Undefined index: bank_user D:\WWW\demo.lgwsh.net\Application\Runtime\Cache\Admin\244f0e186f6c74cf92263867262fd401.php 第 173 行.
NOTIC: [8] Undefined index: bank_tree D:\WWW\demo.lgwsh.net\Application\Runtime\Cache\Admin\244f0e186f6c74cf92263867262fd401.php 第 179 行.
NOTIC: [8] Undefined index: address D:\WWW\demo.lgwsh.net\Application\Runtime\Cache\Admin\244f0e186f6c74cf92263867262fd401.php 第 185 行.
NOTIC: [8] Undefined index: left_right D:\WWW\demo.lgwsh.net\Application\Runtime\Cache\Admin\244f0e186f6c74cf92263867262fd401.php 第 192 行.
NOTIC: [8] Undefined index: left_right D:\WWW\demo.lgwsh.net\Application\Runtime\Cache\Admin\244f0e186f6c74cf92263867262fd401.php 第 195 行.
INFO: Run Behavior\ParseTemplateBehavior [ RunTime:0.012001s ]
INFO: [ view_parse ] --END-- [ RunTime:0.012001s ]
INFO: [ view_filter ] --START--
INFO: Run Behavior\WriteHtmlCacheBehavior [ RunTime:0.001000s ]
INFO: [ view_filter ] --END-- [ RunTime:0.001000s ]
INFO: [ app_end ] --START--
INFO: Run Behavior\ShowPageTraceBehavior [ RunTime:0.001000s ]
INFO: [ app_end ] --END-- [ RunTime:0.001000s ]

[ 2017-03-23T09:52:21+08:00 ] ::1 /demo.lgwsh.net/admin.php/goods/add_goods
INFO: [ app_init ] --START--
INFO: Run Behavior\BuildLiteBehavior [ RunTime:0.000000s ]
INFO: [ app_init ] --END-- [ RunTime:0.000000s ]
INFO: [ app_begin ] --START--
INFO: Run Behavior\ReadHtmlCacheBehavior [ RunTime:0.001000s ]
INFO: [ app_begin ] --END-- [ RunTime:0.001000s ]
SQL: SHOW COLUMNS FROM `ms_goods_class` [ RunTime:0.0170s ]
SQL: SELECT * FROM `ms_goods_class`  [ RunTime:0.0000s ]
INFO: [ view_parse ] --START--
INFO: [ template_filter ] --START--
INFO: Run Behavior\ContentReplaceBehavior [ RunTime:0.000000s ]
INFO: [ template_filter ] --END-- [ RunTime:0.000000s ]
NOTIC: [8] Undefined variable: info D:\WWW\demo.lgwsh.net\Application\Runtime\Cache\Admin\c768d5c0777fbfe7aa837dceac7b3de9.php 第 164 行.
NOTIC: [8] Undefined variable: info D:\WWW\demo.lgwsh.net\Application\Runtime\Cache\Admin\c768d5c0777fbfe7aa837dceac7b3de9.php 第 164 行.
NOTIC: [8] Undefined variable: info D:\WWW\demo.lgwsh.net\Application\Runtime\Cache\Admin\c768d5c0777fbfe7aa837dceac7b3de9.php 第 164 行.
NOTIC: [8] Undefined variable: info D:\WWW\demo.lgwsh.net\Application\Runtime\Cache\Admin\c768d5c0777fbfe7aa837dceac7b3de9.php 第 164 行.
NOTIC: [8] Undefined variable: info D:\WWW\demo.lgwsh.net\Application\Runtime\Cache\Admin\c768d5c0777fbfe7aa837dceac7b3de9.php 第 173 行.
NOTIC: [8] Undefined variable: info D:\WWW\demo.lgwsh.net\Application\Runtime\Cache\Admin\c768d5c0777fbfe7aa837dceac7b3de9.php 第 173 行.
NOTIC: [8] Undefined variable: info D:\WWW\demo.lgwsh.net\Application\Runtime\Cache\Admin\c768d5c0777fbfe7aa837dceac7b3de9.php 第 173 行.
INFO: Run Behavior\ParseTemplateBehavior [ RunTime:0.012001s ]
INFO: [ view_parse ] --END-- [ RunTime:0.012001s ]
INFO: [ view_filter ] --START--
INFO: Run Behavior\WriteHtmlCacheBehavior [ RunTime:0.001000s ]
INFO: [ view_filter ] --END-- [ RunTime:0.001000s ]
INFO: [ app_end ] --START--
INFO: Run Behavior\ShowPageTraceBehavior [ RunTime:0.001000s ]
INFO: [ app_end ] --END-- [ RunTime:0.001000s ]

[ 2017-03-23T09:53:06+08:00 ] ::1 /demo.lgwsh.net/admin.php/Goods/edit_add_goods.html
INFO: [ app_init ] --START--
INFO: Run Behavior\BuildLiteBehavior [ RunTime:0.000000s ]
INFO: [ app_init ] --END-- [ RunTime:0.000000s ]
INFO: [ app_begin ] --START--
INFO: Run Behavior\ReadHtmlCacheBehavior [ RunTime:0.001000s ]
INFO: [ app_begin ] --END-- [ RunTime:0.001000s ]
SQL: SHOW COLUMNS FROM `ms_goods` [ RunTime:0.0040s ]
SQL: INSERT INTO `ms_goods` (`name`,`price`,`price1`,`price2`,`pro_type`,`status`,`type`,`home`,`detailpath`,`content`,`logopath`,`create_time`) VALUES ('hahaha','2000','1000','1000','2','1','1','1','/Uploads/20170323/1490233960125239.jpg@/Uploads/20170323/1490233968128776.jpg','&lt;p&gt;asdasds&lt;/p&gt;','/Uploads/20170323/1490233960125239.jpg','1490233986') [ RunTime:0.0000s ]
INFO: [ view_parse ] --START--
INFO: [ template_filter ] --START--
INFO: Run Behavior\ContentReplaceBehavior [ RunTime:0.000000s ]
INFO: [ template_filter ] --END-- [ RunTime:0.000000s ]
INFO: Run Behavior\ParseTemplateBehavior [ RunTime:0.006001s ]
INFO: [ view_parse ] --END-- [ RunTime:0.006001s ]
INFO: [ view_filter ] --START--
INFO: Run Behavior\WriteHtmlCacheBehavior [ RunTime:0.001000s ]
INFO: [ view_filter ] --END-- [ RunTime:0.001000s ]
INFO: [ app_end ] --START--
INFO: Run Behavior\ShowPageTraceBehavior [ RunTime:0.000000s ]
INFO: [ app_end ] --END-- [ RunTime:0.000000s ]

[ 2017-03-23T09:53:07+08:00 ] ::1 /demo.lgwsh.net/admin.php/Goods/goodslist.html
INFO: [ app_init ] --START--
INFO: Run Behavior\BuildLiteBehavior [ RunTime:0.000000s ]
INFO: [ app_init ] --END-- [ RunTime:0.000000s ]
INFO: [ app_begin ] --START--
INFO: Run Behavior\ReadHtmlCacheBehavior [ RunTime:0.001000s ]
INFO: [ app_begin ] --END-- [ RunTime:0.001000s ]
SQL: SHOW COLUMNS FROM `ms_goods` [ RunTime:0.0040s ]
SQL: SELECT gc.name as gc_name,g.* FROM ms_goods g left join ms_goods_class as gc on gc.id = g.type  ORDER BY create_time desc  [ RunTime:0.0000s ]
INFO: [ view_parse ] --START--
INFO: [ template_filter ] --START--
INFO: Run Behavior\ContentReplaceBehavior [ RunTime:0.000000s ]
INFO: [ template_filter ] --END-- [ RunTime:0.000000s ]
INFO: Run Behavior\ParseTemplateBehavior [ RunTime:0.012001s ]
INFO: [ view_parse ] --END-- [ RunTime:0.012001s ]
INFO: [ view_filter ] --START--
INFO: Run Behavior\WriteHtmlCacheBehavior [ RunTime:0.001000s ]
INFO: [ view_filter ] --END-- [ RunTime:0.001000s ]
INFO: [ app_end ] --START--
INFO: Run Behavior\ShowPageTraceBehavior [ RunTime:0.000000s ]
INFO: [ app_end ] --END-- [ RunTime:0.001000s ]

[ 2017-03-23T09:53:16+08:00 ] ::1 /demo.lgwsh.net/admin.php/goods/add_goods.html
INFO: [ app_init ] --START--
INFO: Run Behavior\BuildLiteBehavior [ RunTime:0.000000s ]
INFO: [ app_init ] --END-- [ RunTime:0.000000s ]
INFO: [ app_begin ] --START--
INFO: Run Behavior\ReadHtmlCacheBehavior [ RunTime:0.001000s ]
INFO: [ app_begin ] --END-- [ RunTime:0.001000s ]
SQL: SHOW COLUMNS FROM `ms_goods_class` [ RunTime:0.0040s ]
SQL: SELECT * FROM `ms_goods_class`  [ RunTime:0.0000s ]
INFO: [ view_parse ] --START--
INFO: [ template_filter ] --START--
INFO: Run Behavior\ContentReplaceBehavior [ RunTime:0.000000s ]
INFO: [ template_filter ] --END-- [ RunTime:0.000000s ]
NOTIC: [8] Undefined variable: info D:\WWW\demo.lgwsh.net\Application\Runtime\Cache\Admin\c768d5c0777fbfe7aa837dceac7b3de9.php 第 164 行.
NOTIC: [8] Undefined variable: info D:\WWW\demo.lgwsh.net\Application\Runtime\Cache\Admin\c768d5c0777fbfe7aa837dceac7b3de9.php 第 164 行.
NOTIC: [8] Undefined variable: info D:\WWW\demo.lgwsh.net\Application\Runtime\Cache\Admin\c768d5c0777fbfe7aa837dceac7b3de9.php 第 164 行.
NOTIC: [8] Undefined variable: info D:\WWW\demo.lgwsh.net\Application\Runtime\Cache\Admin\c768d5c0777fbfe7aa837dceac7b3de9.php 第 164 行.
NOTIC: [8] Undefined variable: info D:\WWW\demo.lgwsh.net\Application\Runtime\Cache\Admin\c768d5c0777fbfe7aa837dceac7b3de9.php 第 173 行.
NOTIC: [8] Undefined variable: info D:\WWW\demo.lgwsh.net\Application\Runtime\Cache\Admin\c768d5c0777fbfe7aa837dceac7b3de9.php 第 173 行.
NOTIC: [8] Undefined variable: info D:\WWW\demo.lgwsh.net\Application\Runtime\Cache\Admin\c768d5c0777fbfe7aa837dceac7b3de9.php 第 173 行.
INFO: Run Behavior\ParseTemplateBehavior [ RunTime:0.013001s ]
INFO: [ view_parse ] --END-- [ RunTime:0.013001s ]
INFO: [ view_filter ] --START--
INFO: Run Behavior\WriteHtmlCacheBehavior [ RunTime:0.000000s ]
INFO: [ view_filter ] --END-- [ RunTime:0.000000s ]
INFO: [ app_end ] --START--
INFO: Run Behavior\ShowPageTraceBehavior [ RunTime:0.001000s ]
INFO: [ app_end ] --END-- [ RunTime:0.002000s ]

[ 2017-03-23T09:53:39+08:00 ] ::1 /demo.lgwsh.net/admin.php/Goods/edit_add_goods.html
INFO: [ app_init ] --START--
INFO: Run Behavior\BuildLiteBehavior [ RunTime:0.000000s ]
INFO: [ app_init ] --END-- [ RunTime:0.000000s ]
INFO: [ app_begin ] --START--
INFO: Run Behavior\ReadHtmlCacheBehavior [ RunTime:0.001000s ]
INFO: [ app_begin ] --END-- [ RunTime:0.001000s ]
SQL: SHOW COLUMNS FROM `ms_goods` [ RunTime:0.0060s ]
SQL: INSERT INTO `ms_goods` (`name`,`price`,`price1`,`price2`,`pro_type`,`status`,`type`,`home`,`detailpath`,`content`,`logopath`,`create_time`) VALUES ('xsfsdfa','1000','500','500','2','1','1','1','/Uploads/20170323/1490234009127326.jpg@/Uploads/20170323/1490234014774442.jpg','&lt;p&gt;sfafsdf&lt;/p&gt;','/Uploads/20170323/1490234009127326.jpg','1490234019') [ RunTime:0.0010s ]
INFO: [ view_parse ] --START--
INFO: [ template_filter ] --START--
INFO: Run Behavior\ContentReplaceBehavior [ RunTime:0.000000s ]
INFO: [ template_filter ] --END-- [ RunTime:0.000000s ]
INFO: Run Behavior\ParseTemplateBehavior [ RunTime:0.006000s ]
INFO: [ view_parse ] --END-- [ RunTime:0.006000s ]
INFO: [ view_filter ] --START--
INFO: Run Behavior\WriteHtmlCacheBehavior [ RunTime:0.001000s ]
INFO: [ view_filter ] --END-- [ RunTime:0.001000s ]
INFO: [ app_end ] --START--
INFO: Run Behavior\ShowPageTraceBehavior [ RunTime:0.001000s ]
INFO: [ app_end ] --END-- [ RunTime:0.001000s ]

[ 2017-03-23T09:53:40+08:00 ] ::1 /demo.lgwsh.net/admin.php/Goods/goodslist.html
INFO: [ app_init ] --START--
INFO: Run Behavior\BuildLiteBehavior [ RunTime:0.000000s ]
INFO: [ app_init ] --END-- [ RunTime:0.000000s ]
INFO: [ app_begin ] --START--
INFO: Run Behavior\ReadHtmlCacheBehavior [ RunTime:0.001000s ]
INFO: [ app_begin ] --END-- [ RunTime:0.001000s ]
SQL: SHOW COLUMNS FROM `ms_goods` [ RunTime:0.0040s ]
SQL: SELECT gc.name as gc_name,g.* FROM ms_goods g left join ms_goods_class as gc on gc.id = g.type  ORDER BY create_time desc  [ RunTime:0.0010s ]
INFO: [ view_parse ] --START--
INFO: [ template_filter ] --START--
INFO: Run Behavior\ContentReplaceBehavior [ RunTime:0.000000s ]
INFO: [ template_filter ] --END-- [ RunTime:0.000000s ]
INFO: Run Behavior\ParseTemplateBehavior [ RunTime:0.012001s ]
INFO: [ view_parse ] --END-- [ RunTime:0.012001s ]
INFO: [ view_filter ] --START--
INFO: Run Behavior\WriteHtmlCacheBehavior [ RunTime:0.001000s ]
INFO: [ view_filter ] --END-- [ RunTime:0.001000s ]
INFO: [ app_end ] --START--
INFO: Run Behavior\ShowPageTraceBehavior [ RunTime:0.001000s ]
INFO: [ app_end ] --END-- [ RunTime:0.001000s ]

[ 2017-03-23T09:53:42+08:00 ] ::1 /demo.lgwsh.net/admin.php/goods/add_goods.html
INFO: [ app_init ] --START--
INFO: Run Behavior\BuildLiteBehavior [ RunTime:0.000000s ]
INFO: [ app_init ] --END-- [ RunTime:0.000000s ]
INFO: [ app_begin ] --START--
INFO: Run Behavior\ReadHtmlCacheBehavior [ RunTime:0.001000s ]
INFO: [ app_begin ] --END-- [ RunTime:0.001000s ]
SQL: SHOW COLUMNS FROM `ms_goods_class` [ RunTime:0.0060s ]
SQL: SELECT * FROM `ms_goods_class`  [ RunTime:0.0010s ]
INFO: [ view_parse ] --START--
INFO: [ template_filter ] --START--
INFO: Run Behavior\ContentReplaceBehavior [ RunTime:0.001000s ]
INFO: [ template_filter ] --END-- [ RunTime:0.001000s ]
NOTIC: [8] Undefined variable: info D:\WWW\demo.lgwsh.net\Application\Runtime\Cache\Admin\c768d5c0777fbfe7aa837dceac7b3de9.php 第 164 行.
NOTIC: [8] Undefined variable: info D:\WWW\demo.lgwsh.net\Application\Runtime\Cache\Admin\c768d5c0777fbfe7aa837dceac7b3de9.php 第 164 行.
NOTIC: [8] Undefined variable: info D:\WWW\demo.lgwsh.net\Application\Runtime\Cache\Admin\c768d5c0777fbfe7aa837dceac7b3de9.php 第 164 行.
NOTIC: [8] Undefined variable: info D:\WWW\demo.lgwsh.net\Application\Runtime\Cache\Admin\c768d5c0777fbfe7aa837dceac7b3de9.php 第 164 行.
NOTIC: [8] Undefined variable: info D:\WWW\demo.lgwsh.net\Application\Runtime\Cache\Admin\c768d5c0777fbfe7aa837dceac7b3de9.php 第 173 行.
NOTIC: [8] Undefined variable: info D:\WWW\demo.lgwsh.net\Application\Runtime\Cache\Admin\c768d5c0777fbfe7aa837dceac7b3de9.php 第 173 行.
NOTIC: [8] Undefined variable: info D:\WWW\demo.lgwsh.net\Application\Runtime\Cache\Admin\c768d5c0777fbfe7aa837dceac7b3de9.php 第 173 行.
INFO: Run Behavior\ParseTemplateBehavior [ RunTime:0.014000s ]
INFO: [ view_parse ] --END-- [ RunTime:0.014000s ]
INFO: [ view_filter ] --START--
INFO: Run Behavior\WriteHtmlCacheBehavior [ RunTime:0.001001s ]
INFO: [ view_filter ] --END-- [ RunTime:0.001001s ]
INFO: [ app_end ] --START--
INFO: Run Behavior\ShowPageTraceBehavior [ RunTime:0.001000s ]
INFO: [ app_end ] --END-- [ RunTime:0.001000s ]

[ 2017-03-23T09:54:12+08:00 ] ::1 /demo.lgwsh.net/admin.php/Goods/edit_add_goods.html
INFO: [ app_init ] --START--
INFO: Run Behavior\BuildLiteBehavior [ RunTime:0.000000s ]
INFO: [ app_init ] --END-- [ RunTime:0.000000s ]
INFO: [ app_begin ] --START--
INFO: Run Behavior\ReadHtmlCacheBehavior [ RunTime:0.000000s ]
INFO: [ app_begin ] --END-- [ RunTime:0.000000s ]
SQL: SHOW COLUMNS FROM `ms_goods` [ RunTime:0.0050s ]
SQL: INSERT INTO `ms_goods` (`name`,`price`,`price1`,`price2`,`pro_type`,`status`,`type`,`home`,`detailpath`,`content`,`logopath`,`create_time`) VALUES ('的风格受够','2000','200','1800','2','1','1','1','/Uploads/20170323/1490234039110583.jpg@/Uploads/20170323/1490234046839291.jpg','&lt;p&gt;额外人服务哦啊特瓦认为&lt;/p&gt;','/Uploads/20170323/1490234039110583.jpg','1490234052') [ RunTime:0.0000s ]
INFO: [ view_parse ] --START--
INFO: [ template_filter ] --START--
INFO: Run Behavior\ContentReplaceBehavior [ RunTime:0.000000s ]
INFO: [ template_filter ] --END-- [ RunTime:0.000000s ]
INFO: Run Behavior\ParseTemplateBehavior [ RunTime:0.013000s ]
INFO: [ view_parse ] --END-- [ RunTime:0.013000s ]
INFO: [ view_filter ] --START--
INFO: Run Behavior\WriteHtmlCacheBehavior [ RunTime:0.001000s ]
INFO: [ view_filter ] --END-- [ RunTime:0.001000s ]
INFO: [ app_end ] --START--
INFO: Run Behavior\ShowPageTraceBehavior [ RunTime:0.000000s ]
INFO: [ app_end ] --END-- [ RunTime:0.000000s ]

[ 2017-03-23T09:54:13+08:00 ] ::1 /demo.lgwsh.net/admin.php/Goods/goodslist.html
INFO: [ app_init ] --START--
INFO: Run Behavior\BuildLiteBehavior [ RunTime:0.000000s ]
INFO: [ app_init ] --END-- [ RunTime:0.000000s ]
INFO: [ app_begin ] --START--
INFO: Run Behavior\ReadHtmlCacheBehavior [ RunTime:0.000000s ]
INFO: [ app_begin ] --END-- [ RunTime:0.000000s ]
SQL: SHOW COLUMNS FROM `ms_goods` [ RunTime:0.0040s ]
SQL: SELECT gc.name as gc_name,g.* FROM ms_goods g left join ms_goods_class as gc on gc.id = g.type  ORDER BY create_time desc  [ RunTime:0.0010s ]
INFO: [ view_parse ] --START--
INFO: [ template_filter ] --START--
INFO: Run Behavior\ContentReplaceBehavior [ RunTime:0.000000s ]
INFO: [ template_filter ] --END-- [ RunTime:0.000000s ]
INFO: Run Behavior\ParseTemplateBehavior [ RunTime:0.015001s ]
INFO: [ view_parse ] --END-- [ RunTime:0.015001s ]
INFO: [ view_filter ] --START--
INFO: Run Behavior\WriteHtmlCacheBehavior [ RunTime:0.000000s ]
INFO: [ view_filter ] --END-- [ RunTime:0.000000s ]
INFO: [ app_end ] --START--
INFO: Run Behavior\ShowPageTraceBehavior [ RunTime:0.001000s ]
INFO: [ app_end ] --END-- [ RunTime:0.001000s ]

[ 2017-03-23T10:02:12+08:00 ] ::1 /demo.lgwsh.net/admin.php/news/newslist
INFO: [ app_init ] --START--
INFO: Run Behavior\BuildLiteBehavior [ RunTime:0.000000s ]
INFO: [ app_init ] --END-- [ RunTime:0.000000s ]
INFO: [ app_begin ] --START--
INFO: Run Behavior\ReadHtmlCacheBehavior [ RunTime:0.001000s ]
INFO: [ app_begin ] --END-- [ RunTime:0.001000s ]
SQL: SHOW COLUMNS FROM `ms_news` [ RunTime:0.0150s ]
SQL: SELECT * FROM `ms_news`  [ RunTime:0.0000s ]
INFO: [ view_parse ] --START--
INFO: [ template_filter ] --START--
INFO: Run Behavior\ContentReplaceBehavior [ RunTime:0.000000s ]
INFO: [ template_filter ] --END-- [ RunTime:0.000000s ]
NOTIC: [8] Undefined index: url D:\WWW\demo.lgwsh.net\Application\Runtime\Cache\Admin\1ebad889ead8c662edf3c73d274f2df1.php 第 125 行.
NOTIC: [8] Undefined index: url D:\WWW\demo.lgwsh.net\Application\Runtime\Cache\Admin\1ebad889ead8c662edf3c73d274f2df1.php 第 125 行.
NOTIC: [8] Undefined index: url D:\WWW\demo.lgwsh.net\Application\Runtime\Cache\Admin\1ebad889ead8c662edf3c73d274f2df1.php 第 125 行.
INFO: Run Behavior\ParseTemplateBehavior [ RunTime:0.025002s ]
INFO: [ view_parse ] --END-- [ RunTime:0.025002s ]
INFO: [ view_filter ] --START--
INFO: Run Behavior\WriteHtmlCacheBehavior [ RunTime:0.000000s ]
INFO: [ view_filter ] --END-- [ RunTime:0.000000s ]
INFO: [ app_end ] --START--
INFO: Run Behavior\ShowPageTraceBehavior [ RunTime:0.001000s ]
INFO: [ app_end ] --END-- [ RunTime:0.001000s ]

[ 2017-03-23T10:02:13+08:00 ] ::1 /demo.lgwsh.net/admin.php/news/add_news.html
INFO: [ app_init ] --START--
INFO: Run Behavior\BuildLiteBehavior [ RunTime:0.000000s ]
INFO: [ app_init ] --END-- [ RunTime:0.000000s ]
INFO: [ app_begin ] --START--
INFO: Run Behavior\ReadHtmlCacheBehavior [ RunTime:0.001000s ]
INFO: [ app_begin ] --END-- [ RunTime:0.001000s ]
INFO: [ view_parse ] --START--
INFO: [ template_filter ] --START--
INFO: Run Behavior\ContentReplaceBehavior [ RunTime:0.000000s ]
INFO: [ template_filter ] --END-- [ RunTime:0.000000s ]
NOTIC: [8] Undefined variable: data D:\WWW\demo.lgwsh.net\Application\Runtime\Cache\Admin\1d16c1c80155d6e3bd075c9633c2d808.php 第 101 行.
NOTIC: [8] Undefined variable: data D:\WWW\demo.lgwsh.net\Application\Runtime\Cache\Admin\1d16c1c80155d6e3bd075c9633c2d808.php 第 105 行.
NOTIC: [8] Undefined variable: data D:\WWW\demo.lgwsh.net\Application\Runtime\Cache\Admin\1d16c1c80155d6e3bd075c9633c2d808.php 第 112 行.
NOTIC: [8] Undefined variable: parent_menus D:\WWW\demo.lgwsh.net\Application\Runtime\Cache\Admin\1d16c1c80155d6e3bd075c9633c2d808.php 第 119 行.
NOTIC: [8] Undefined variable: data D:\WWW\demo.lgwsh.net\Application\Runtime\Cache\Admin\1d16c1c80155d6e3bd075c9633c2d808.php 第 127 行.
NOTIC: [8] Undefined variable: data D:\WWW\demo.lgwsh.net\Application\Runtime\Cache\Admin\1d16c1c80155d6e3bd075c9633c2d808.php 第 130 行.
INFO: Run Behavior\ParseTemplateBehavior [ RunTime:0.014001s ]
INFO: [ view_parse ] --END-- [ RunTime:0.014001s ]
INFO: [ view_filter ] --START--
INFO: Run Behavior\WriteHtmlCacheBehavior [ RunTime:0.000000s ]
INFO: [ view_filter ] --END-- [ RunTime:0.000000s ]
INFO: [ app_end ] --START--
INFO: Run Behavior\ShowPageTraceBehavior [ RunTime:0.001000s ]
INFO: [ app_end ] --END-- [ RunTime:0.001000s ]

[ 2017-03-23T10:03:23+08:00 ] ::1 /demo.lgwsh.net/admin.php/News/add_edit_news.html
INFO: [ app_init ] --START--
INFO: Run Behavior\BuildLiteBehavior [ RunTime:0.000000s ]
INFO: [ app_init ] --END-- [ RunTime:0.000000s ]
INFO: [ app_begin ] --START--
INFO: Run Behavior\ReadHtmlCacheBehavior [ RunTime:0.001000s ]
INFO: [ app_begin ] --END-- [ RunTime:0.001000s ]
SQL: SHOW COLUMNS FROM `ms_news` [ RunTime:0.0070s ]
SQL: INSERT INTO `ms_news` (`id`,`title`,`content`,`status`,`create_time`) VALUES ('0','商城与广州市签署战略合作协议','商城与广州市签署战略合作协议','1','1490234603') [ RunTime:0.0000s ]

[ 2017-03-23T10:03:24+08:00 ] ::1 /demo.lgwsh.net/admin.php/News/newslist.html
INFO: [ app_init ] --START--
INFO: Run Behavior\BuildLiteBehavior [ RunTime:0.000000s ]
INFO: [ app_init ] --END-- [ RunTime:0.000000s ]
INFO: [ app_begin ] --START--
INFO: Run Behavior\ReadHtmlCacheBehavior [ RunTime:0.000000s ]
INFO: [ app_begin ] --END-- [ RunTime:0.000000s ]
SQL: SHOW COLUMNS FROM `ms_news` [ RunTime:0.0050s ]
SQL: SELECT * FROM `ms_news`  [ RunTime:0.0000s ]
INFO: [ view_parse ] --START--
INFO: [ template_filter ] --START--
INFO: Run Behavior\ContentReplaceBehavior [ RunTime:0.000000s ]
INFO: [ template_filter ] --END-- [ RunTime:0.000000s ]
NOTIC: [8] Undefined index: url D:\WWW\demo.lgwsh.net\Application\Runtime\Cache\Admin\1ebad889ead8c662edf3c73d274f2df1.php 第 125 行.
NOTIC: [8] Undefined index: url D:\WWW\demo.lgwsh.net\Application\Runtime\Cache\Admin\1ebad889ead8c662edf3c73d274f2df1.php 第 125 行.
NOTIC: [8] Undefined index: url D:\WWW\demo.lgwsh.net\Application\Runtime\Cache\Admin\1ebad889ead8c662edf3c73d274f2df1.php 第 125 行.
NOTIC: [8] Undefined index: url D:\WWW\demo.lgwsh.net\Application\Runtime\Cache\Admin\1ebad889ead8c662edf3c73d274f2df1.php 第 125 行.
INFO: Run Behavior\ParseTemplateBehavior [ RunTime:0.011001s ]
INFO: [ view_parse ] --END-- [ RunTime:0.011001s ]
INFO: [ view_filter ] --START--
INFO: Run Behavior\WriteHtmlCacheBehavior [ RunTime:0.000000s ]
INFO: [ view_filter ] --END-- [ RunTime:0.000000s ]
INFO: [ app_end ] --START--
INFO: Run Behavior\ShowPageTraceBehavior [ RunTime:0.001000s ]
INFO: [ app_end ] --END-- [ RunTime:0.001000s ]

[ 2017-03-23T10:03:26+08:00 ] ::1 /demo.lgwsh.net/admin.php/news/add_news.html
INFO: [ app_init ] --START--
INFO: Run Behavior\BuildLiteBehavior [ RunTime:0.000000s ]
INFO: [ app_init ] --END-- [ RunTime:0.000000s ]
INFO: [ app_begin ] --START--
INFO: Run Behavior\ReadHtmlCacheBehavior [ RunTime:0.000000s ]
INFO: [ app_begin ] --END-- [ RunTime:0.000000s ]
INFO: [ view_parse ] --START--
INFO: [ template_filter ] --START--
INFO: Run Behavior\ContentReplaceBehavior [ RunTime:0.001000s ]
INFO: [ template_filter ] --END-- [ RunTime:0.001000s ]
NOTIC: [8] Undefined variable: data D:\WWW\demo.lgwsh.net\Application\Runtime\Cache\Admin\1d16c1c80155d6e3bd075c9633c2d808.php 第 101 行.
NOTIC: [8] Undefined variable: data D:\WWW\demo.lgwsh.net\Application\Runtime\Cache\Admin\1d16c1c80155d6e3bd075c9633c2d808.php 第 105 行.
NOTIC: [8] Undefined variable: data D:\WWW\demo.lgwsh.net\Application\Runtime\Cache\Admin\1d16c1c80155d6e3bd075c9633c2d808.php 第 112 行.
NOTIC: [8] Undefined variable: parent_menus D:\WWW\demo.lgwsh.net\Application\Runtime\Cache\Admin\1d16c1c80155d6e3bd075c9633c2d808.php 第 119 行.
NOTIC: [8] Undefined variable: data D:\WWW\demo.lgwsh.net\Application\Runtime\Cache\Admin\1d16c1c80155d6e3bd075c9633c2d808.php 第 127 行.
NOTIC: [8] Undefined variable: data D:\WWW\demo.lgwsh.net\Application\Runtime\Cache\Admin\1d16c1c80155d6e3bd075c9633c2d808.php 第 130 行.
INFO: Run Behavior\ParseTemplateBehavior [ RunTime:0.011000s ]
INFO: [ view_parse ] --END-- [ RunTime:0.011000s ]
INFO: [ view_filter ] --START--
INFO: Run Behavior\WriteHtmlCacheBehavior [ RunTime:0.000000s ]
INFO: [ view_filter ] --END-- [ RunTime:0.001001s ]
INFO: [ app_end ] --START--
INFO: Run Behavior\ShowPageTraceBehavior [ RunTime:0.000000s ]
INFO: [ app_end ] --END-- [ RunTime:0.000000s ]

[ 2017-03-23T10:03:32+08:00 ] ::1 /demo.lgwsh.net/admin.php/News/add_edit_news.html
INFO: [ app_init ] --START--
INFO: Run Behavior\BuildLiteBehavior [ RunTime:0.000000s ]
INFO: [ app_init ] --END-- [ RunTime:0.000000s ]
INFO: [ app_begin ] --START--
INFO: Run Behavior\ReadHtmlCacheBehavior [ RunTime:0.000000s ]
INFO: [ app_begin ] --END-- [ RunTime:0.000000s ]
SQL: SHOW COLUMNS FROM `ms_news` [ RunTime:0.0030s ]
SQL: INSERT INTO `ms_news` (`id`,`title`,`content`,`status`,`create_time`) VALUES ('0','商城与广州市签署战略合作协议324324','商城与广州市签署战略合作协议ewf','1','1490234612') [ RunTime:0.0010s ]

[ 2017-03-23T10:03:33+08:00 ] ::1 /demo.lgwsh.net/admin.php/News/newslist.html
INFO: [ app_init ] --START--
INFO: Run Behavior\BuildLiteBehavior [ RunTime:0.000000s ]
INFO: [ app_init ] --END-- [ RunTime:0.000000s ]
INFO: [ app_begin ] --START--
INFO: Run Behavior\ReadHtmlCacheBehavior [ RunTime:0.001000s ]
INFO: [ app_begin ] --END-- [ RunTime:0.001000s ]
SQL: SHOW COLUMNS FROM `ms_news` [ RunTime:0.0070s ]
SQL: SELECT * FROM `ms_news`  [ RunTime:0.0010s ]
INFO: [ view_parse ] --START--
INFO: [ template_filter ] --START--
INFO: Run Behavior\ContentReplaceBehavior [ RunTime:0.001000s ]
INFO: [ template_filter ] --END-- [ RunTime:0.001000s ]
NOTIC: [8] Undefined index: url D:\WWW\demo.lgwsh.net\Application\Runtime\Cache\Admin\1ebad889ead8c662edf3c73d274f2df1.php 第 125 行.
NOTIC: [8] Undefined index: url D:\WWW\demo.lgwsh.net\Application\Runtime\Cache\Admin\1ebad889ead8c662edf3c73d274f2df1.php 第 125 行.
NOTIC: [8] Undefined index: url D:\WWW\demo.lgwsh.net\Application\Runtime\Cache\Admin\1ebad889ead8c662edf3c73d274f2df1.php 第 125 行.
NOTIC: [8] Undefined index: url D:\WWW\demo.lgwsh.net\Application\Runtime\Cache\Admin\1ebad889ead8c662edf3c73d274f2df1.php 第 125 行.
NOTIC: [8] Undefined index: url D:\WWW\demo.lgwsh.net\Application\Runtime\Cache\Admin\1ebad889ead8c662edf3c73d274f2df1.php 第 125 行.
INFO: Run Behavior\ParseTemplateBehavior [ RunTime:0.011001s ]
INFO: [ view_parse ] --END-- [ RunTime:0.011001s ]
INFO: [ view_filter ] --START--
INFO: Run Behavior\WriteHtmlCacheBehavior [ RunTime:0.000000s ]
INFO: [ view_filter ] --END-- [ RunTime:0.000000s ]
INFO: [ app_end ] --START--
INFO: Run Behavior\ShowPageTraceBehavior [ RunTime:0.001000s ]
INFO: [ app_end ] --END-- [ RunTime:0.001000s ]

[ 2017-03-23T13:19:40+08:00 ] ::1 /demo.lgwsh.net/admin.php/News/newslist.html
INFO: [ app_init ] --START--
INFO: Run Behavior\BuildLiteBehavior [ RunTime:0.000000s ]
INFO: [ app_init ] --END-- [ RunTime:0.000000s ]
INFO: [ app_begin ] --START--
INFO: Run Behavior\ReadHtmlCacheBehavior [ RunTime:0.001000s ]
INFO: [ app_begin ] --END-- [ RunTime:0.001000s ]
SQL: SHOW COLUMNS FROM `ms_news` [ RunTime:0.0050s ]
SQL: SELECT * FROM `ms_news`  [ RunTime:0.0010s ]
INFO: [ view_parse ] --START--
INFO: [ template_filter ] --START--
INFO: Run Behavior\ContentReplaceBehavior [ RunTime:0.000000s ]
INFO: [ template_filter ] --END-- [ RunTime:0.000000s ]
NOTIC: [8] Undefined index: url D:\WWW\demo.lgwsh.net\Application\Runtime\Cache\Admin\1ebad889ead8c662edf3c73d274f2df1.php 第 125 行.
NOTIC: [8] Undefined index: url D:\WWW\demo.lgwsh.net\Application\Runtime\Cache\Admin\1ebad889ead8c662edf3c73d274f2df1.php 第 125 行.
NOTIC: [8] Undefined index: url D:\WWW\demo.lgwsh.net\Application\Runtime\Cache\Admin\1ebad889ead8c662edf3c73d274f2df1.php 第 125 行.
NOTIC: [8] Undefined index: url D:\WWW\demo.lgwsh.net\Application\Runtime\Cache\Admin\1ebad889ead8c662edf3c73d274f2df1.php 第 125 行.
NOTIC: [8] Undefined index: url D:\WWW\demo.lgwsh.net\Application\Runtime\Cache\Admin\1ebad889ead8c662edf3c73d274f2df1.php 第 125 行.
INFO: Run Behavior\ParseTemplateBehavior [ RunTime:0.020001s ]
INFO: [ view_parse ] --END-- [ RunTime:0.020001s ]
INFO: [ view_filter ] --START--
INFO: Run Behavior\WriteHtmlCacheBehavior [ RunTime:0.000000s ]
INFO: [ view_filter ] --END-- [ RunTime:0.000000s ]
INFO: [ app_end ] --START--
INFO: Run Behavior\ShowPageTraceBehavior [ RunTime:0.001000s ]
INFO: [ app_end ] --END-- [ RunTime:0.001000s ]

[ 2017-03-23T15:29:53+08:00 ] ::1 /demo.lgwsh.net/admin.php/user/userlist
INFO: [ app_init ] --START--
INFO: Run Behavior\BuildLiteBehavior [ RunTime:0.000000s ]
INFO: [ app_init ] --END-- [ RunTime:0.000000s ]
INFO: [ app_begin ] --START--
INFO: Run Behavior\ReadHtmlCacheBehavior [ RunTime:0.001000s ]
INFO: [ app_begin ] --END-- [ RunTime:0.001000s ]

[ 2017-03-23T15:29:53+08:00 ] ::1 /demo.lgwsh.net/admin.php/Public/login.html
INFO: [ app_init ] --START--
INFO: Run Behavior\BuildLiteBehavior [ RunTime:0.000000s ]
INFO: [ app_init ] --END-- [ RunTime:0.000000s ]
INFO: [ app_begin ] --START--
INFO: Run Behavior\ReadHtmlCacheBehavior [ RunTime:0.000000s ]
INFO: [ app_begin ] --END-- [ RunTime:0.000000s ]
INFO: [ view_parse ] --START--
INFO: [ template_filter ] --START--
INFO: Run Behavior\ContentReplaceBehavior [ RunTime:0.000000s ]
INFO: [ template_filter ] --END-- [ RunTime:0.000000s ]
INFO: Run Behavior\ParseTemplateBehavior [ RunTime:0.010000s ]
INFO: [ view_parse ] --END-- [ RunTime:0.010000s ]
INFO: [ view_filter ] --START--
INFO: Run Behavior\WriteHtmlCacheBehavior [ RunTime:0.000000s ]
INFO: [ view_filter ] --END-- [ RunTime:0.001001s ]
INFO: [ app_end ] --START--
INFO: Run Behavior\ShowPageTraceBehavior [ RunTime:0.000000s ]
INFO: [ app_end ] --END-- [ RunTime:0.000000s ]

[ 2017-03-23T15:29:58+08:00 ] ::1 /demo.lgwsh.net/admin.php/Public/login.html
INFO: [ app_init ] --START--
INFO: Run Behavior\BuildLiteBehavior [ RunTime:0.001000s ]
INFO: [ app_init ] --END-- [ RunTime:0.001000s ]
INFO: [ app_begin ] --START--
INFO: Run Behavior\ReadHtmlCacheBehavior [ RunTime:0.001000s ]
INFO: [ app_begin ] --END-- [ RunTime:0.001000s ]
SQL: SHOW COLUMNS FROM `ms_admin` [ RunTime:0.0440s ]
SQL: SELECT * FROM `ms_admin` WHERE `username` = 'admin' AND `password` = 'c4ca4238a0b923820dcc509a6f75849b' AND `status` = 1 LIMIT 1   [ RunTime:0.0010s ]
SQL: SHOW COLUMNS FROM `ms_admin_group` [ RunTime:0.0420s ]
SQL: SELECT * FROM `ms_admin_group` WHERE `id` = 1 LIMIT 1   [ RunTime:0.0010s ]
SQL: SHOW COLUMNS FROM `ms_menu` [ RunTime:0.0560s ]
SQL: SELECT * FROM `ms_menu` WHERE `parent_id` = 0 AND `id` IN ('1','2','18','29','37','3','24','25','30','31','42','44','26','27','28','47','32','33','36','41','34','35','38','39','40','45','46','48','49','50') AND `is_show` = 1  [ RunTime:0.0100s ]
SQL: SELECT * FROM `ms_menu` WHERE `parent_id` = 1 AND `is_show` = 1 AND `id` IN ('1','2','18','29','37','3','24','25','30','31','42','44','26','27','28','47','32','33','36','41','34','35','38','39','40','45','46','48','49','50')  [ RunTime:0.0000s ]
SQL: SELECT * FROM `ms_menu` WHERE `parent_id` = 3 AND `is_show` = 1 AND `id` IN ('1','2','18','29','37','3','24','25','30','31','42','44','26','27','28','47','32','33','36','41','34','35','38','39','40','45','46','48','49','50')  [ RunTime:0.0000s ]
SQL: SELECT * FROM `ms_menu` WHERE `parent_id` = 24 AND `is_show` = 1 AND `id` IN ('1','2','18','29','37','3','24','25','30','31','42','44','26','27','28','47','32','33','36','41','34','35','38','39','40','45','46','48','49','50')  [ RunTime:0.0010s ]
SQL: SELECT * FROM `ms_menu` WHERE `parent_id` = 26 AND `is_show` = 1 AND `id` IN ('1','2','18','29','37','3','24','25','30','31','42','44','26','27','28','47','32','33','36','41','34','35','38','39','40','45','46','48','49','50')  [ RunTime:0.0000s ]
SQL: SELECT * FROM `ms_menu` WHERE `parent_id` = 32 AND `is_show` = 1 AND `id` IN ('1','2','18','29','37','3','24','25','30','31','42','44','26','27','28','47','32','33','36','41','34','35','38','39','40','45','46','48','49','50')  [ RunTime:0.0000s ]
SQL: SELECT * FROM `ms_menu` WHERE `parent_id` = 34 AND `is_show` = 1 AND `id` IN ('1','2','18','29','37','3','24','25','30','31','42','44','26','27','28','47','32','33','36','41','34','35','38','39','40','45','46','48','49','50')  [ RunTime:0.0000s ]
SQL: SELECT * FROM `ms_menu` WHERE `parent_id` = 38 AND `is_show` = 1 AND `id` IN ('1','2','18','29','37','3','24','25','30','31','42','44','26','27','28','47','32','33','36','41','34','35','38','39','40','45','46','48','49','50')  [ RunTime:0.0000s ]
SQL: SELECT * FROM `ms_menu` WHERE `parent_id` = 45 AND `is_show` = 1 AND `id` IN ('1','2','18','29','37','3','24','25','30','31','42','44','26','27','28','47','32','33','36','41','34','35','38','39','40','45','46','48','49','50')  [ RunTime:0.0000s ]
SQL: SELECT * FROM `ms_menu` WHERE `parent_id` = 48 AND `is_show` = 1 AND `id` IN ('1','2','18','29','37','3','24','25','30','31','42','44','26','27','28','47','32','33','36','41','34','35','38','39','40','45','46','48','49','50')  [ RunTime:0.0000s ]

[ 2017-03-23T15:29:58+08:00 ] ::1 /demo.lgwsh.net/admin.php/Index/index.html
INFO: [ app_init ] --START--
INFO: Run Behavior\BuildLiteBehavior [ RunTime:0.000000s ]
INFO: [ app_init ] --END-- [ RunTime:0.000000s ]
INFO: [ app_begin ] --START--
INFO: Run Behavior\ReadHtmlCacheBehavior [ RunTime:0.000000s ]
INFO: [ app_begin ] --END-- [ RunTime:0.000000s ]
INFO: [ view_parse ] --START--
INFO: [ template_filter ] --START--
INFO: Run Behavior\ContentReplaceBehavior [ RunTime:0.000000s ]
INFO: [ template_filter ] --END-- [ RunTime:0.000000s ]
INFO: Run Behavior\ParseTemplateBehavior [ RunTime:0.054003s ]
INFO: [ view_parse ] --END-- [ RunTime:0.054003s ]
INFO: [ view_filter ] --START--
INFO: Run Behavior\WriteHtmlCacheBehavior [ RunTime:0.000000s ]
INFO: [ view_filter ] --END-- [ RunTime:0.000000s ]
INFO: [ app_end ] --START--
INFO: Run Behavior\ShowPageTraceBehavior [ RunTime:0.001000s ]
INFO: [ app_end ] --END-- [ RunTime:0.001000s ]

[ 2017-03-23T15:30:01+08:00 ] ::1 /demo.lgwsh.net/admin.php/user/userlist
INFO: [ app_init ] --START--
INFO: Run Behavior\BuildLiteBehavior [ RunTime:0.000000s ]
INFO: [ app_init ] --END-- [ RunTime:0.000000s ]
INFO: [ app_begin ] --START--
INFO: Run Behavior\ReadHtmlCacheBehavior [ RunTime:0.001000s ]
INFO: [ app_begin ] --END-- [ RunTime:0.001000s ]
SQL: SHOW COLUMNS FROM `ms_user` [ RunTime:0.0120s ]
SQL: SELECT * FROM `ms_user`  [ RunTime:0.0010s ]
INFO: [ view_parse ] --START--
INFO: [ template_filter ] --START--
INFO: Run Behavior\ContentReplaceBehavior [ RunTime:0.000000s ]
INFO: [ template_filter ] --END-- [ RunTime:0.000000s ]
INFO: Run Behavior\ParseTemplateBehavior [ RunTime:0.020001s ]
INFO: [ view_parse ] --END-- [ RunTime:0.020001s ]
INFO: [ view_filter ] --START--
INFO: Run Behavior\WriteHtmlCacheBehavior [ RunTime:0.001000s ]
INFO: [ view_filter ] --END-- [ RunTime:0.001000s ]
INFO: [ app_end ] --START--
INFO: Run Behavior\ShowPageTraceBehavior [ RunTime:0.001000s ]
INFO: [ app_end ] --END-- [ RunTime:0.001000s ]

[ 2017-03-23T15:31:06+08:00 ] ::1 /demo.lgwsh.net/admin.php/user/userlist
INFO: [ app_init ] --START--
INFO: Run Behavior\BuildLiteBehavior [ RunTime:0.000000s ]
INFO: [ app_init ] --END-- [ RunTime:0.000000s ]
INFO: [ app_begin ] --START--
INFO: Run Behavior\ReadHtmlCacheBehavior [ RunTime:0.001000s ]
INFO: [ app_begin ] --END-- [ RunTime:0.001000s ]
SQL: SHOW COLUMNS FROM `ms_user` [ RunTime:0.0120s ]
SQL: SELECT * FROM `ms_user`  [ RunTime:0.0000s ]
INFO: [ view_parse ] --START--
INFO: [ template_filter ] --START--
INFO: Run Behavior\ContentReplaceBehavior [ RunTime:0.000000s ]
INFO: [ template_filter ] --END-- [ RunTime:0.000000s ]
INFO: Run Behavior\ParseTemplateBehavior [ RunTime:0.012001s ]
INFO: [ view_parse ] --END-- [ RunTime:0.012001s ]
INFO: [ view_filter ] --START--
INFO: Run Behavior\WriteHtmlCacheBehavior [ RunTime:0.001000s ]
INFO: [ view_filter ] --END-- [ RunTime:0.001000s ]
INFO: [ app_end ] --START--
INFO: Run Behavior\ShowPageTraceBehavior [ RunTime:0.000000s ]
INFO: [ app_end ] --END-- [ RunTime:0.000000s ]

[ 2017-03-23T15:51:06+08:00 ] ::1 /demo.lgwsh.net/admin.php/user/userlist
INFO: [ app_init ] --START--
INFO: Run Behavior\BuildLiteBehavior [ RunTime:0.000000s ]
INFO: [ app_init ] --END-- [ RunTime:0.000000s ]
INFO: [ app_begin ] --START--
INFO: Run Behavior\ReadHtmlCacheBehavior [ RunTime:0.000000s ]
INFO: [ app_begin ] --END-- [ RunTime:0.000000s ]
SQL: SHOW COLUMNS FROM `ms_user` [ RunTime:0.0100s ]
SQL: SELECT * FROM `ms_user`  [ RunTime:0.0000s ]
INFO: [ view_parse ] --START--
INFO: [ template_filter ] --START--
INFO: Run Behavior\ContentReplaceBehavior [ RunTime:0.000000s ]
INFO: [ template_filter ] --END-- [ RunTime:0.000000s ]
INFO: Run Behavior\ParseTemplateBehavior [ RunTime:0.022001s ]
INFO: [ view_parse ] --END-- [ RunTime:0.022001s ]
INFO: [ view_filter ] --START--
INFO: Run Behavior\WriteHtmlCacheBehavior [ RunTime:0.000000s ]
INFO: [ view_filter ] --END-- [ RunTime:0.000000s ]
INFO: [ app_end ] --START--
INFO: Run Behavior\ShowPageTraceBehavior [ RunTime:0.001000s ]
INFO: [ app_end ] --END-- [ RunTime:0.001000s ]

[ 2017-03-23T15:51:32+08:00 ] ::1 /demo.lgwsh.net/admin.php/user/userlist
INFO: [ app_init ] --START--
INFO: Run Behavior\BuildLiteBehavior [ RunTime:0.000000s ]
INFO: [ app_init ] --END-- [ RunTime:0.000000s ]
INFO: [ app_begin ] --START--
INFO: Run Behavior\ReadHtmlCacheBehavior [ RunTime:0.001000s ]
INFO: [ app_begin ] --END-- [ RunTime:0.001000s ]
SQL: SHOW COLUMNS FROM `ms_user` [ RunTime:0.0120s ]
SQL: SELECT * FROM `ms_user`  [ RunTime:0.0010s ]
INFO: [ view_parse ] --START--
INFO: [ template_filter ] --START--
INFO: Run Behavior\ContentReplaceBehavior [ RunTime:0.000000s ]
INFO: [ template_filter ] --END-- [ RunTime:0.000000s ]
INFO: Run Behavior\ParseTemplateBehavior [ RunTime:0.012000s ]
INFO: [ view_parse ] --END-- [ RunTime:0.012000s ]
INFO: [ view_filter ] --START--
INFO: Run Behavior\WriteHtmlCacheBehavior [ RunTime:0.001000s ]
INFO: [ view_filter ] --END-- [ RunTime:0.001000s ]
INFO: [ app_end ] --START--
INFO: Run Behavior\ShowPageTraceBehavior [ RunTime:0.001000s ]
INFO: [ app_end ] --END-- [ RunTime:0.001000s ]

[ 2017-03-23T15:52:06+08:00 ] ::1 /demo.lgwsh.net/admin.php/user/userlist
INFO: [ app_init ] --START--
INFO: Run Behavior\BuildLiteBehavior [ RunTime:0.000000s ]
INFO: [ app_init ] --END-- [ RunTime:0.000000s ]
INFO: [ app_begin ] --START--
INFO: Run Behavior\ReadHtmlCacheBehavior [ RunTime:0.001000s ]
INFO: [ app_begin ] --END-- [ RunTime:0.001000s ]
SQL: SHOW COLUMNS FROM `ms_user` [ RunTime:0.0120s ]
SQL: SELECT * FROM `ms_user`  [ RunTime:0.0010s ]
INFO: [ view_parse ] --START--
INFO: [ template_filter ] --START--
INFO: Run Behavior\ContentReplaceBehavior [ RunTime:0.000000s ]
INFO: [ template_filter ] --END-- [ RunTime:0.000000s ]
INFO: Run Behavior\ParseTemplateBehavior [ RunTime:0.012001s ]
INFO: [ view_parse ] --END-- [ RunTime:0.012001s ]
INFO: [ view_filter ] --START--
INFO: Run Behavior\WriteHtmlCacheBehavior [ RunTime:0.000000s ]
INFO: [ view_filter ] --END-- [ RunTime:0.000000s ]
INFO: [ app_end ] --START--
INFO: Run Behavior\ShowPageTraceBehavior [ RunTime:0.001000s ]
INFO: [ app_end ] --END-- [ RunTime:0.001000s ]

[ 2017-03-23T15:52:43+08:00 ] ::1 /demo.lgwsh.net/admin.php/user/add_user.html
INFO: [ app_init ] --START--
INFO: Run Behavior\BuildLiteBehavior [ RunTime:0.000000s ]
INFO: [ app_init ] --END-- [ RunTime:0.000000s ]
INFO: [ app_begin ] --START--
INFO: Run Behavior\ReadHtmlCacheBehavior [ RunTime:0.001000s ]
INFO: [ app_begin ] --END-- [ RunTime:0.001000s ]
SQL: SHOW COLUMNS FROM `ms_user` [ RunTime:0.0090s ]

[ 2017-03-23T15:52:43+08:00 ] ::1 /demo.lgwsh.net/admin.php/Public/404.html
INFO: [ app_init ] --START--
INFO: Run Behavior\BuildLiteBehavior [ RunTime:0.000000s ]
INFO: [ app_init ] --END-- [ RunTime:0.000000s ]
INFO: [ app_begin ] --START--
INFO: Run Behavior\ReadHtmlCacheBehavior [ RunTime:0.000000s ]
INFO: [ app_begin ] --END-- [ RunTime:0.000000s ]
INFO: [ view_parse ] --START--
INFO: [ template_filter ] --START--
INFO: Run Behavior\ContentReplaceBehavior [ RunTime:0.000000s ]
INFO: [ template_filter ] --END-- [ RunTime:0.001000s ]
NOTIC: [8] Undefined variable: admin_menu D:\WWW\demo.lgwsh.net\Application\Runtime\Cache\Admin\eeaad4d8dba2bb5eea3891b173dcdc59.php 第 55 行.
INFO: Run Behavior\ParseTemplateBehavior [ RunTime:0.022001s ]
INFO: [ view_parse ] --END-- [ RunTime:0.022001s ]
INFO: [ view_filter ] --START--
INFO: Run Behavior\WriteHtmlCacheBehavior [ RunTime:0.000000s ]
INFO: [ view_filter ] --END-- [ RunTime:0.000000s ]
INFO: [ app_end ] --START--
INFO: Run Behavior\ShowPageTraceBehavior [ RunTime:0.001000s ]
INFO: [ app_end ] --END-- [ RunTime:0.001000s ]

[ 2017-03-23T15:53:24+08:00 ] ::1 /demo.lgwsh.net/admin.php/user/userlist
INFO: [ app_init ] --START--
INFO: Run Behavior\BuildLiteBehavior [ RunTime:0.000000s ]
INFO: [ app_init ] --END-- [ RunTime:0.000000s ]
INFO: [ app_begin ] --START--
INFO: Run Behavior\ReadHtmlCacheBehavior [ RunTime:0.001000s ]
INFO: [ app_begin ] --END-- [ RunTime:0.001000s ]
SQL: SHOW COLUMNS FROM `ms_user` [ RunTime:0.0090s ]
SQL: SELECT * FROM `ms_user`  [ RunTime:0.0000s ]
INFO: [ view_parse ] --START--
INFO: [ template_filter ] --START--
INFO: Run Behavior\ContentReplaceBehavior [ RunTime:0.000000s ]
INFO: [ template_filter ] --END-- [ RunTime:0.000000s ]
INFO: Run Behavior\ParseTemplateBehavior [ RunTime:0.015001s ]
INFO: [ view_parse ] --END-- [ RunTime:0.015001s ]
INFO: [ view_filter ] --START--
INFO: Run Behavior\WriteHtmlCacheBehavior [ RunTime:0.000000s ]
INFO: [ view_filter ] --END-- [ RunTime:0.000000s ]
INFO: [ app_end ] --START--
INFO: Run Behavior\ShowPageTraceBehavior [ RunTime:0.000000s ]
INFO: [ app_end ] --END-- [ RunTime:0.000000s ]

[ 2017-03-23T15:53:25+08:00 ] ::1 /demo.lgwsh.net/admin.php/user/userAdd.html
INFO: [ app_init ] --START--
INFO: Run Behavior\BuildLiteBehavior [ RunTime:0.000000s ]
INFO: [ app_init ] --END-- [ RunTime:0.000000s ]
INFO: [ app_begin ] --START--
INFO: Run Behavior\ReadHtmlCacheBehavior [ RunTime:0.000000s ]
INFO: [ app_begin ] --END-- [ RunTime:0.000000s ]
SQL: SHOW COLUMNS FROM `ms_user` [ RunTime:0.0080s ]
SQL: SHOW COLUMNS FROM `ms_goods` [ RunTime:0.0210s ]
SQL: SELECT * FROM `ms_goods` WHERE `pro_type` = 1  [ RunTime:0.0010s ]
INFO: [ view_parse ] --START--
INFO: [ template_filter ] --START--
INFO: Run Behavior\ContentReplaceBehavior [ RunTime:0.001000s ]
INFO: [ template_filter ] --END-- [ RunTime:0.001000s ]
NOTIC: [8] Undefined variable: id D:\WWW\demo.lgwsh.net\Application\Runtime\Cache\Admin\9b9057ce6f2d2710bcf32f4eb29fb9d2.php 第 101 行.
NOTIC: [8] Undefined index: username D:\WWW\demo.lgwsh.net\Application\Runtime\Cache\Admin\9b9057ce6f2d2710bcf32f4eb29fb9d2.php 第 105 行.
NOTIC: [8] Undefined index: truename D:\WWW\demo.lgwsh.net\Application\Runtime\Cache\Admin\9b9057ce6f2d2710bcf32f4eb29fb9d2.php 第 112 行.
NOTIC: [8] Undefined index: phone D:\WWW\demo.lgwsh.net\Application\Runtime\Cache\Admin\9b9057ce6f2d2710bcf32f4eb29fb9d2.php 第 118 行.
NOTIC: [8] Undefined index: id_card D:\WWW\demo.lgwsh.net\Application\Runtime\Cache\Admin\9b9057ce6f2d2710bcf32f4eb29fb9d2.php 第 124 行.
NOTIC: [8] Undefined index: parent_id D:\WWW\demo.lgwsh.net\Application\Runtime\Cache\Admin\9b9057ce6f2d2710bcf32f4eb29fb9d2.php 第 132 行.
NOTIC: [2] Illegal string offset 'id' D:\WWW\demo.lgwsh.net\Application\Runtime\Cache\Admin\9b9057ce6f2d2710bcf32f4eb29fb9d2.php 第 132 行.
NOTIC: [8] Undefined index: parent_id D:\WWW\demo.lgwsh.net\Application\Runtime\Cache\Admin\9b9057ce6f2d2710bcf32f4eb29fb9d2.php 第 132 行.
NOTIC: [2] Illegal string offset 'id' D:\WWW\demo.lgwsh.net\Application\Runtime\Cache\Admin\9b9057ce6f2d2710bcf32f4eb29fb9d2.php 第 132 行.
NOTIC: [8] Undefined index: phone D:\WWW\demo.lgwsh.net\Application\Runtime\Cache\Admin\9b9057ce6f2d2710bcf32f4eb29fb9d2.php 第 138 行.
NOTIC: [8] Undefined index: phone D:\WWW\demo.lgwsh.net\Application\Runtime\Cache\Admin\9b9057ce6f2d2710bcf32f4eb29fb9d2.php 第 144 行.
NOTIC: [8] Undefined index: phone D:\WWW\demo.lgwsh.net\Application\Runtime\Cache\Admin\9b9057ce6f2d2710bcf32f4eb29fb9d2.php 第 150 行.
NOTIC: [8] Undefined index: parent_id D:\WWW\demo.lgwsh.net\Application\Runtime\Cache\Admin\9b9057ce6f2d2710bcf32f4eb29fb9d2.php 第 158 行.
NOTIC: [8] Undefined index: id D:\WWW\demo.lgwsh.net\Application\Runtime\Cache\Admin\9b9057ce6f2d2710bcf32f4eb29fb9d2.php 第 158 行.
NOTIC: [8] Undefined index: parent_id D:\WWW\demo.lgwsh.net\Application\Runtime\Cache\Admin\9b9057ce6f2d2710bcf32f4eb29fb9d2.php 第 158 行.
NOTIC: [8] Undefined index: id D:\WWW\demo.lgwsh.net\Application\Runtime\Cache\Admin\9b9057ce6f2d2710bcf32f4eb29fb9d2.php 第 158 行.
NOTIC: [8] Undefined index: parent_id D:\WWW\demo.lgwsh.net\Application\Runtime\Cache\Admin\9b9057ce6f2d2710bcf32f4eb29fb9d2.php 第 158 行.
NOTIC: [8] Undefined index: id D:\WWW\demo.lgwsh.net\Application\Runtime\Cache\Admin\9b9057ce6f2d2710bcf32f4eb29fb9d2.php 第 158 行.
NOTIC: [8] Undefined index: parent_id D:\WWW\demo.lgwsh.net\Application\Runtime\Cache\Admin\9b9057ce6f2d2710bcf32f4eb29fb9d2.php 第 158 行.
NOTIC: [8] Undefined index: id D:\WWW\demo.lgwsh.net\Application\Runtime\Cache\Admin\9b9057ce6f2d2710bcf32f4eb29fb9d2.php 第 158 行.
NOTIC: [8] Undefined index: parent_id D:\WWW\demo.lgwsh.net\Application\Runtime\Cache\Admin\9b9057ce6f2d2710bcf32f4eb29fb9d2.php 第 167 行.
NOTIC: [2] Illegal string offset 'id' D:\WWW\demo.lgwsh.net\Application\Runtime\Cache\Admin\9b9057ce6f2d2710bcf32f4eb29fb9d2.php 第 167 行.
NOTIC: [8] Undefined index: parent_id D:\WWW\demo.lgwsh.net\Application\Runtime\Cache\Admin\9b9057ce6f2d2710bcf32f4eb29fb9d2.php 第 167 行.
NOTIC: [2] Illegal string offset 'id' D:\WWW\demo.lgwsh.net\Application\Runtime\Cache\Admin\9b9057ce6f2d2710bcf32f4eb29fb9d2.php 第 167 行.
NOTIC: [8] Undefined index: parent_id D:\WWW\demo.lgwsh.net\Application\Runtime\Cache\Admin\9b9057ce6f2d2710bcf32f4eb29fb9d2.php 第 167 行.
NOTIC: [2] Illegal string offset 'id' D:\WWW\demo.lgwsh.net\Application\Runtime\Cache\Admin\9b9057ce6f2d2710bcf32f4eb29fb9d2.php 第 167 行.
NOTIC: [8] Undefined index: bank_user D:\WWW\demo.lgwsh.net\Application\Runtime\Cache\Admin\9b9057ce6f2d2710bcf32f4eb29fb9d2.php 第 173 行.
NOTIC: [8] Undefined index: bank_tree D:\WWW\demo.lgwsh.net\Application\Runtime\Cache\Admin\9b9057ce6f2d2710bcf32f4eb29fb9d2.php 第 179 行.
NOTIC: [8] Undefined index: address D:\WWW\demo.lgwsh.net\Application\Runtime\Cache\Admin\9b9057ce6f2d2710bcf32f4eb29fb9d2.php 第 185 行.
NOTIC: [8] Undefined index: left_right D:\WWW\demo.lgwsh.net\Application\Runtime\Cache\Admin\9b9057ce6f2d2710bcf32f4eb29fb9d2.php 第 192 行.
NOTIC: [8] Undefined index: left_right D:\WWW\demo.lgwsh.net\Application\Runtime\Cache\Admin\9b9057ce6f2d2710bcf32f4eb29fb9d2.php 第 195 行.
INFO: Run Behavior\ParseTemplateBehavior [ RunTime:0.021001s ]
INFO: [ view_parse ] --END-- [ RunTime:0.021001s ]
INFO: [ view_filter ] --START--
INFO: Run Behavior\WriteHtmlCacheBehavior [ RunTime:0.001000s ]
INFO: [ view_filter ] --END-- [ RunTime:0.001000s ]
INFO: [ app_end ] --START--
INFO: Run Behavior\ShowPageTraceBehavior [ RunTime:0.000000s ]
INFO: [ app_end ] --END-- [ RunTime:0.000000s ]

[ 2017-03-23T15:54:07+08:00 ] ::1 /demo.lgwsh.net/admin.php/user/userAdd.html
INFO: [ app_init ] --START--
INFO: Run Behavior\BuildLiteBehavior [ RunTime:0.000000s ]
INFO: [ app_init ] --END-- [ RunTime:0.000000s ]
INFO: [ app_begin ] --START--
INFO: Run Behavior\ReadHtmlCacheBehavior [ RunTime:0.001001s ]
INFO: [ app_begin ] --END-- [ RunTime:0.001001s ]
SQL: SHOW COLUMNS FROM `ms_user` [ RunTime:0.0140s ]
SQL: SHOW COLUMNS FROM `ms_goods` [ RunTime:0.0120s ]
SQL: SELECT * FROM `ms_goods` WHERE `pro_type` = 1  [ RunTime:0.0000s ]
INFO: [ view_parse ] --START--
INFO: [ template_filter ] --START--
INFO: Run Behavior\ContentReplaceBehavior [ RunTime:0.000000s ]
INFO: [ template_filter ] --END-- [ RunTime:0.000000s ]
NOTIC: [8] Undefined variable: id D:\WWW\demo.lgwsh.net\Application\Runtime\Cache\Admin\9b9057ce6f2d2710bcf32f4eb29fb9d2.php 第 101 行.
NOTIC: [8] Undefined index: username D:\WWW\demo.lgwsh.net\Application\Runtime\Cache\Admin\9b9057ce6f2d2710bcf32f4eb29fb9d2.php 第 105 行.
NOTIC: [8] Undefined index: truename D:\WWW\demo.lgwsh.net\Application\Runtime\Cache\Admin\9b9057ce6f2d2710bcf32f4eb29fb9d2.php 第 112 行.
NOTIC: [8] Undefined index: phone D:\WWW\demo.lgwsh.net\Application\Runtime\Cache\Admin\9b9057ce6f2d2710bcf32f4eb29fb9d2.php 第 118 行.
NOTIC: [8] Undefined index: id_card D:\WWW\demo.lgwsh.net\Application\Runtime\Cache\Admin\9b9057ce6f2d2710bcf32f4eb29fb9d2.php 第 124 行.
NOTIC: [8] Undefined index: parent_id D:\WWW\demo.lgwsh.net\Application\Runtime\Cache\Admin\9b9057ce6f2d2710bcf32f4eb29fb9d2.php 第 132 行.
NOTIC: [2] Illegal string offset 'id' D:\WWW\demo.lgwsh.net\Application\Runtime\Cache\Admin\9b9057ce6f2d2710bcf32f4eb29fb9d2.php 第 132 行.
NOTIC: [8] Undefined index: parent_id D:\WWW\demo.lgwsh.net\Application\Runtime\Cache\Admin\9b9057ce6f2d2710bcf32f4eb29fb9d2.php 第 132 行.
NOTIC: [2] Illegal string offset 'id' D:\WWW\demo.lgwsh.net\Application\Runtime\Cache\Admin\9b9057ce6f2d2710bcf32f4eb29fb9d2.php 第 132 行.
NOTIC: [8] Undefined index: phone D:\WWW\demo.lgwsh.net\Application\Runtime\Cache\Admin\9b9057ce6f2d2710bcf32f4eb29fb9d2.php 第 138 行.
NOTIC: [8] Undefined index: phone D:\WWW\demo.lgwsh.net\Application\Runtime\Cache\Admin\9b9057ce6f2d2710bcf32f4eb29fb9d2.php 第 144 行.
NOTIC: [8] Undefined index: phone D:\WWW\demo.lgwsh.net\Application\Runtime\Cache\Admin\9b9057ce6f2d2710bcf32f4eb29fb9d2.php 第 150 行.
NOTIC: [8] Undefined index: parent_id D:\WWW\demo.lgwsh.net\Application\Runtime\Cache\Admin\9b9057ce6f2d2710bcf32f4eb29fb9d2.php 第 158 行.
NOTIC: [8] Undefined index: id D:\WWW\demo.lgwsh.net\Application\Runtime\Cache\Admin\9b9057ce6f2d2710bcf32f4eb29fb9d2.php 第 158 行.
NOTIC: [8] Undefined index: parent_id D:\WWW\demo.lgwsh.net\Application\Runtime\Cache\Admin\9b9057ce6f2d2710bcf32f4eb29fb9d2.php 第 158 行.
NOTIC: [8] Undefined index: id D:\WWW\demo.lgwsh.net\Application\Runtime\Cache\Admin\9b9057ce6f2d2710bcf32f4eb29fb9d2.php 第 158 行.
NOTIC: [8] Undefined index: parent_id D:\WWW\demo.lgwsh.net\Application\Runtime\Cache\Admin\9b9057ce6f2d2710bcf32f4eb29fb9d2.php 第 158 行.
NOTIC: [8] Undefined index: id D:\WWW\demo.lgwsh.net\Application\Runtime\Cache\Admin\9b9057ce6f2d2710bcf32f4eb29fb9d2.php 第 158 行.
NOTIC: [8] Undefined index: parent_id D:\WWW\demo.lgwsh.net\Application\Runtime\Cache\Admin\9b9057ce6f2d2710bcf32f4eb29fb9d2.php 第 158 行.
NOTIC: [8] Undefined index: id D:\WWW\demo.lgwsh.net\Application\Runtime\Cache\Admin\9b9057ce6f2d2710bcf32f4eb29fb9d2.php 第 158 行.
NOTIC: [8] Undefined index: parent_id D:\WWW\demo.lgwsh.net\Application\Runtime\Cache\Admin\9b9057ce6f2d2710bcf32f4eb29fb9d2.php 第 167 行.
NOTIC: [2] Illegal string offset 'id' D:\WWW\demo.lgwsh.net\Application\Runtime\Cache\Admin\9b9057ce6f2d2710bcf32f4eb29fb9d2.php 第 167 行.
NOTIC: [8] Undefined index: parent_id D:\WWW\demo.lgwsh.net\Application\Runtime\Cache\Admin\9b9057ce6f2d2710bcf32f4eb29fb9d2.php 第 167 行.
NOTIC: [2] Illegal string offset 'id' D:\WWW\demo.lgwsh.net\Application\Runtime\Cache\Admin\9b9057ce6f2d2710bcf32f4eb29fb9d2.php 第 167 行.
NOTIC: [8] Undefined index: parent_id D:\WWW\demo.lgwsh.net\Application\Runtime\Cache\Admin\9b9057ce6f2d2710bcf32f4eb29fb9d2.php 第 167 行.
NOTIC: [2] Illegal string offset 'id' D:\WWW\demo.lgwsh.net\Application\Runtime\Cache\Admin\9b9057ce6f2d2710bcf32f4eb29fb9d2.php 第 167 行.
NOTIC: [8] Undefined index: bank_user D:\WWW\demo.lgwsh.net\Application\Runtime\Cache\Admin\9b9057ce6f2d2710bcf32f4eb29fb9d2.php 第 173 行.
NOTIC: [8] Undefined index: bank_tree D:\WWW\demo.lgwsh.net\Application\Runtime\Cache\Admin\9b9057ce6f2d2710bcf32f4eb29fb9d2.php 第 179 行.
NOTIC: [8] Undefined index: address D:\WWW\demo.lgwsh.net\Application\Runtime\Cache\Admin\9b9057ce6f2d2710bcf32f4eb29fb9d2.php 第 185 行.
NOTIC: [8] Undefined index: left_right D:\WWW\demo.lgwsh.net\Application\Runtime\Cache\Admin\9b9057ce6f2d2710bcf32f4eb29fb9d2.php 第 192 行.
NOTIC: [8] Undefined index: left_right D:\WWW\demo.lgwsh.net\Application\Runtime\Cache\Admin\9b9057ce6f2d2710bcf32f4eb29fb9d2.php 第 195 行.
INFO: Run Behavior\ParseTemplateBehavior [ RunTime:0.014001s ]
INFO: [ view_parse ] --END-- [ RunTime:0.015001s ]
INFO: [ view_filter ] --START--
INFO: Run Behavior\WriteHtmlCacheBehavior [ RunTime:0.000000s ]
INFO: [ view_filter ] --END-- [ RunTime:0.000000s ]
INFO: [ app_end ] --START--
INFO: Run Behavior\ShowPageTraceBehavior [ RunTime:0.001000s ]
INFO: [ app_end ] --END-- [ RunTime:0.001000s ]

[ 2017-03-23T15:59:44+08:00 ] ::1 /demo.lgwsh.net/admin.php/user/userlist
INFO: [ app_init ] --START--
INFO: Run Behavior\BuildLiteBehavior [ RunTime:0.000000s ]
INFO: [ app_init ] --END-- [ RunTime:0.000000s ]
INFO: [ app_begin ] --START--
INFO: Run Behavior\ReadHtmlCacheBehavior [ RunTime:0.001000s ]
INFO: [ app_begin ] --END-- [ RunTime:0.001000s ]
SQL: SHOW COLUMNS FROM `ms_user` [ RunTime:0.0120s ]
SQL: SELECT * FROM `ms_user`  [ RunTime:0.0010s ]
INFO: [ view_parse ] --START--
INFO: [ template_filter ] --START--
INFO: Run Behavior\ContentReplaceBehavior [ RunTime:0.000000s ]
INFO: [ template_filter ] --END-- [ RunTime:0.000000s ]
INFO: Run Behavior\ParseTemplateBehavior [ RunTime:0.021002s ]
INFO: [ view_parse ] --END-- [ RunTime:0.021002s ]
INFO: [ view_filter ] --START--
INFO: Run Behavior\WriteHtmlCacheBehavior [ RunTime:0.000000s ]
INFO: [ view_filter ] --END-- [ RunTime:0.001000s ]
INFO: [ app_end ] --START--
INFO: Run Behavior\ShowPageTraceBehavior [ RunTime:0.001000s ]
INFO: [ app_end ] --END-- [ RunTime:0.001000s ]

[ 2017-03-23T16:00:20+08:00 ] ::1 /demo.lgwsh.net/admin.php/user/userlist
INFO: [ app_init ] --START--
INFO: Run Behavior\BuildLiteBehavior [ RunTime:0.000000s ]
INFO: [ app_init ] --END-- [ RunTime:0.000000s ]
INFO: [ app_begin ] --START--
INFO: Run Behavior\ReadHtmlCacheBehavior [ RunTime:0.001000s ]
INFO: [ app_begin ] --END-- [ RunTime:0.001000s ]
SQL: SHOW COLUMNS FROM `ms_user` [ RunTime:0.0080s ]
SQL: SELECT * FROM `ms_user`  [ RunTime:0.0000s ]
INFO: [ view_parse ] --START--
INFO: [ template_filter ] --START--
INFO: Run Behavior\ContentReplaceBehavior [ RunTime:0.000000s ]
INFO: [ template_filter ] --END-- [ RunTime:0.000000s ]
INFO: Run Behavior\ParseTemplateBehavior [ RunTime:0.012001s ]
INFO: [ view_parse ] --END-- [ RunTime:0.012001s ]
INFO: [ view_filter ] --START--
INFO: Run Behavior\WriteHtmlCacheBehavior [ RunTime:0.000000s ]
INFO: [ view_filter ] --END-- [ RunTime:0.000000s ]
INFO: [ app_end ] --START--
INFO: Run Behavior\ShowPageTraceBehavior [ RunTime:0.001000s ]
INFO: [ app_end ] --END-- [ RunTime:0.001000s ]

[ 2017-03-23T16:00:21+08:00 ] ::1 /demo.lgwsh.net/admin.php/User/activeUser.html
INFO: [ app_init ] --START--
INFO: Run Behavior\BuildLiteBehavior [ RunTime:0.000000s ]
INFO: [ app_init ] --END-- [ RunTime:0.000000s ]
INFO: [ app_begin ] --START--
INFO: Run Behavior\ReadHtmlCacheBehavior [ RunTime:0.001000s ]
INFO: [ app_begin ] --END-- [ RunTime:0.001000s ]
SQL: SHOW COLUMNS FROM `ms_user` [ RunTime:0.0110s ]

[ 2017-03-23T16:00:23+08:00 ] ::1 /demo.lgwsh.net/admin.php/user/undefined
INFO: [ app_init ] --START--
INFO: Run Behavior\BuildLiteBehavior [ RunTime:0.000000s ]
INFO: [ app_init ] --END-- [ RunTime:0.000000s ]
INFO: [ app_begin ] --START--
INFO: Run Behavior\ReadHtmlCacheBehavior [ RunTime:0.001000s ]
INFO: [ app_begin ] --END-- [ RunTime:0.001000s ]
SQL: SHOW COLUMNS FROM `ms_user` [ RunTime:0.0110s ]

[ 2017-03-23T16:00:23+08:00 ] ::1 /demo.lgwsh.net/admin.php/Public/404.html
INFO: [ app_init ] --START--
INFO: Run Behavior\BuildLiteBehavior [ RunTime:0.000000s ]
INFO: [ app_init ] --END-- [ RunTime:0.000000s ]
INFO: [ app_begin ] --START--
INFO: Run Behavior\ReadHtmlCacheBehavior [ RunTime:0.001000s ]
INFO: [ app_begin ] --END-- [ RunTime:0.001000s ]
INFO: [ view_parse ] --START--
INFO: [ template_filter ] --START--
INFO: Run Behavior\ContentReplaceBehavior [ RunTime:0.000000s ]
INFO: [ template_filter ] --END-- [ RunTime:0.000000s ]
NOTIC: [8] Undefined variable: admin_menu D:\WWW\demo.lgwsh.net\Application\Runtime\Cache\Admin\eeaad4d8dba2bb5eea3891b173dcdc59.php 第 55 行.
INFO: Run Behavior\ParseTemplateBehavior [ RunTime:0.008000s ]
INFO: [ view_parse ] --END-- [ RunTime:0.008000s ]
INFO: [ view_filter ] --START--
INFO: Run Behavior\WriteHtmlCacheBehavior [ RunTime:0.000000s ]
INFO: [ view_filter ] --END-- [ RunTime:0.000000s ]
INFO: [ app_end ] --START--
INFO: Run Behavior\ShowPageTraceBehavior [ RunTime:0.000000s ]
INFO: [ app_end ] --END-- [ RunTime:0.000000s ]

[ 2017-03-23T16:00:37+08:00 ] ::1 /demo.lgwsh.net/admin.php/user/userlist
INFO: [ app_init ] --START--
INFO: Run Behavior\BuildLiteBehavior [ RunTime:0.000000s ]
INFO: [ app_init ] --END-- [ RunTime:0.000000s ]
INFO: [ app_begin ] --START--
INFO: Run Behavior\ReadHtmlCacheBehavior [ RunTime:0.000000s ]
INFO: [ app_begin ] --END-- [ RunTime:0.000000s ]
SQL: SHOW COLUMNS FROM `ms_user` [ RunTime:0.0120s ]
SQL: SELECT * FROM `ms_user`  [ RunTime:0.0000s ]
INFO: [ view_parse ] --START--
INFO: [ template_filter ] --START--
INFO: Run Behavior\ContentReplaceBehavior [ RunTime:0.000000s ]
INFO: [ template_filter ] --END-- [ RunTime:0.000000s ]
INFO: Run Behavior\ParseTemplateBehavior [ RunTime:0.012001s ]
INFO: [ view_parse ] --END-- [ RunTime:0.012001s ]
INFO: [ view_filter ] --START--
INFO: Run Behavior\WriteHtmlCacheBehavior [ RunTime:0.001000s ]
INFO: [ view_filter ] --END-- [ RunTime:0.001000s ]
INFO: [ app_end ] --START--
INFO: Run Behavior\ShowPageTraceBehavior [ RunTime:0.001000s ]
INFO: [ app_end ] --END-- [ RunTime:0.001000s ]

[ 2017-03-23T16:00:42+08:00 ] ::1 /demo.lgwsh.net/admin.php/User/activeUser.html
INFO: [ app_init ] --START--
INFO: Run Behavior\BuildLiteBehavior [ RunTime:0.000000s ]
INFO: [ app_init ] --END-- [ RunTime:0.000000s ]
INFO: [ app_begin ] --START--
INFO: Run Behavior\ReadHtmlCacheBehavior [ RunTime:0.001000s ]
INFO: [ app_begin ] --END-- [ RunTime:0.001000s ]
SQL: SHOW COLUMNS FROM `ms_user` [ RunTime:0.0100s ]

[ 2017-03-23T16:02:40+08:00 ] ::1 /demo.lgwsh.net/admin.php/User/userEdit/id/9.html
INFO: [ app_init ] --START--
INFO: Run Behavior\BuildLiteBehavior [ RunTime:0.000000s ]
INFO: [ app_init ] --END-- [ RunTime:0.000000s ]
INFO: [ app_begin ] --START--
INFO: Run Behavior\ReadHtmlCacheBehavior [ RunTime:0.000000s ]
INFO: [ app_begin ] --END-- [ RunTime:0.000000s ]
SQL: SHOW COLUMNS FROM `ms_user` [ RunTime:0.0130s ]
NOTIC: [2] Illegal offset type D:\WWW\demo.lgwsh.net\ThinkPHP\Library\Think\Model.class.php 第 722 行.
INFO: [ view_parse ] --START--
INFO: [ template_filter ] --START--
INFO: Run Behavior\ContentReplaceBehavior [ RunTime:0.000000s ]
INFO: [ template_filter ] --END-- [ RunTime:0.000000s ]
NOTIC: [8] Undefined variable: id D:\WWW\demo.lgwsh.net\Application\Runtime\Cache\Admin\9b9057ce6f2d2710bcf32f4eb29fb9d2.php 第 101 行.
NOTIC: [2] Illegal string offset 'id' D:\WWW\demo.lgwsh.net\Application\Runtime\Cache\Admin\9b9057ce6f2d2710bcf32f4eb29fb9d2.php 第 132 行.
NOTIC: [2] Illegal string offset 'id' D:\WWW\demo.lgwsh.net\Application\Runtime\Cache\Admin\9b9057ce6f2d2710bcf32f4eb29fb9d2.php 第 132 行.
NOTIC: [8] Undefined index: id D:\WWW\demo.lgwsh.net\Application\Runtime\Cache\Admin\9b9057ce6f2d2710bcf32f4eb29fb9d2.php 第 158 行.
NOTIC: [8] Undefined index: id D:\WWW\demo.lgwsh.net\Application\Runtime\Cache\Admin\9b9057ce6f2d2710bcf32f4eb29fb9d2.php 第 158 行.
NOTIC: [8] Undefined index: id D:\WWW\demo.lgwsh.net\Application\Runtime\Cache\Admin\9b9057ce6f2d2710bcf32f4eb29fb9d2.php 第 158 行.
NOTIC: [8] Undefined index: id D:\WWW\demo.lgwsh.net\Application\Runtime\Cache\Admin\9b9057ce6f2d2710bcf32f4eb29fb9d2.php 第 158 行.
NOTIC: [2] Illegal string offset 'id' D:\WWW\demo.lgwsh.net\Application\Runtime\Cache\Admin\9b9057ce6f2d2710bcf32f4eb29fb9d2.php 第 167 行.
NOTIC: [2] Illegal string offset 'id' D:\WWW\demo.lgwsh.net\Application\Runtime\Cache\Admin\9b9057ce6f2d2710bcf32f4eb29fb9d2.php 第 167 行.
NOTIC: [2] Illegal string offset 'id' D:\WWW\demo.lgwsh.net\Application\Runtime\Cache\Admin\9b9057ce6f2d2710bcf32f4eb29fb9d2.php 第 167 行.
INFO: Run Behavior\ParseTemplateBehavior [ RunTime:0.016001s ]
INFO: [ view_parse ] --END-- [ RunTime:0.016001s ]
INFO: [ view_filter ] --START--
INFO: Run Behavior\WriteHtmlCacheBehavior [ RunTime:0.001000s ]
INFO: [ view_filter ] --END-- [ RunTime:0.001000s ]
INFO: [ app_end ] --START--
INFO: Run Behavior\ShowPageTraceBehavior [ RunTime:0.001000s ]
INFO: [ app_end ] --END-- [ RunTime:0.001000s ]

[ 2017-03-23T17:04:28+08:00 ] ::1 /demo.lgwsh.net/admin.php/goods/goodslist
INFO: [ app_init ] --START--
INFO: Run Behavior\BuildLiteBehavior [ RunTime:0.000000s ]
INFO: [ app_init ] --END-- [ RunTime:0.001000s ]
INFO: [ app_begin ] --START--
INFO: Run Behavior\ReadHtmlCacheBehavior [ RunTime:0.001000s ]
INFO: [ app_begin ] --END-- [ RunTime:0.001000s ]
SQL: SHOW COLUMNS FROM `ms_goods` [ RunTime:0.0090s ]
SQL: SELECT gc.name as gc_name,g.* FROM ms_goods g left join ms_goods_class as gc on gc.id = g.type  ORDER BY create_time desc  [ RunTime:0.0330s ]
INFO: [ view_parse ] --START--
INFO: [ template_filter ] --START--
INFO: Run Behavior\ContentReplaceBehavior [ RunTime:0.000000s ]
INFO: [ template_filter ] --END-- [ RunTime:0.000000s ]
INFO: Run Behavior\ParseTemplateBehavior [ RunTime:0.029002s ]
INFO: [ view_parse ] --END-- [ RunTime:0.029002s ]
INFO: [ view_filter ] --START--
INFO: Run Behavior\WriteHtmlCacheBehavior [ RunTime:0.000000s ]
INFO: [ view_filter ] --END-- [ RunTime:0.000000s ]
INFO: [ app_end ] --START--
INFO: Run Behavior\ShowPageTraceBehavior [ RunTime:0.001000s ]
INFO: [ app_end ] --END-- [ RunTime:0.001000s ]

[ 2017-03-23T17:04:39+08:00 ] ::1 /demo.lgwsh.net/admin.php/goods/add_goods
INFO: [ app_init ] --START--
INFO: Run Behavior\BuildLiteBehavior [ RunTime:0.000000s ]
INFO: [ app_init ] --END-- [ RunTime:0.001000s ]
INFO: [ app_begin ] --START--
INFO: Run Behavior\ReadHtmlCacheBehavior [ RunTime:0.001000s ]
INFO: [ app_begin ] --END-- [ RunTime:0.001000s ]
SQL: SHOW COLUMNS FROM `ms_goods_class` [ RunTime:0.0110s ]
SQL: SELECT * FROM `ms_goods_class`  [ RunTime:0.0000s ]
INFO: [ view_parse ] --START--
INFO: [ template_filter ] --START--
INFO: Run Behavior\ContentReplaceBehavior [ RunTime:0.001000s ]
INFO: [ template_filter ] --END-- [ RunTime:0.001000s ]
NOTIC: [8] Undefined variable: info D:\WWW\demo.lgwsh.net\Application\Runtime\Cache\Admin\c768d5c0777fbfe7aa837dceac7b3de9.php 第 164 行.
NOTIC: [8] Undefined variable: info D:\WWW\demo.lgwsh.net\Application\Runtime\Cache\Admin\c768d5c0777fbfe7aa837dceac7b3de9.php 第 164 行.
NOTIC: [8] Undefined variable: info D:\WWW\demo.lgwsh.net\Application\Runtime\Cache\Admin\c768d5c0777fbfe7aa837dceac7b3de9.php 第 164 行.
NOTIC: [8] Undefined variable: info D:\WWW\demo.lgwsh.net\Application\Runtime\Cache\Admin\c768d5c0777fbfe7aa837dceac7b3de9.php 第 164 行.
NOTIC: [8] Undefined variable: info D:\WWW\demo.lgwsh.net\Application\Runtime\Cache\Admin\c768d5c0777fbfe7aa837dceac7b3de9.php 第 173 行.
NOTIC: [8] Undefined variable: info D:\WWW\demo.lgwsh.net\Application\Runtime\Cache\Admin\c768d5c0777fbfe7aa837dceac7b3de9.php 第 173 行.
NOTIC: [8] Undefined variable: info D:\WWW\demo.lgwsh.net\Application\Runtime\Cache\Admin\c768d5c0777fbfe7aa837dceac7b3de9.php 第 173 行.
NOTIC: [8] Undefined variable: info D:\WWW\demo.lgwsh.net\Application\Runtime\Cache\Admin\c768d5c0777fbfe7aa837dceac7b3de9.php 第 173 行.
INFO: Run Behavior\ParseTemplateBehavior [ RunTime:0.028002s ]
INFO: [ view_parse ] --END-- [ RunTime:0.028002s ]
INFO: [ view_filter ] --START--
INFO: Run Behavior\WriteHtmlCacheBehavior [ RunTime:0.000000s ]
INFO: [ view_filter ] --END-- [ RunTime:0.000000s ]
INFO: [ app_end ] --START--
INFO: Run Behavior\ShowPageTraceBehavior [ RunTime:0.000000s ]
INFO: [ app_end ] --END-- [ RunTime:0.000000s ]

[ 2017-03-23T17:05:33+08:00 ] ::1 /demo.lgwsh.net/admin.php/Goods/edit_add_goods.html
INFO: [ app_init ] --START--
INFO: Run Behavior\BuildLiteBehavior [ RunTime:0.000000s ]
INFO: [ app_init ] --END-- [ RunTime:0.000000s ]
INFO: [ app_begin ] --START--
INFO: Run Behavior\ReadHtmlCacheBehavior [ RunTime:0.001000s ]
INFO: [ app_begin ] --END-- [ RunTime:0.001000s ]
SQL: SHOW COLUMNS FROM `ms_goods` [ RunTime:0.0120s ]
SQL: INSERT INTO `ms_goods` (`name`,`price`,`price1`,`price2`,`pro_type`,`status`,`type`,`home`,`detailpath`,`content`,`logopath`,`create_time`) VALUES ('白金套餐','13999','100','200','1','1','1','1','/Uploads/20170323/1490259915220150.jpg@/Uploads/20170323/1490259923276694.jpg','&lt;p&gt;沃尔沃尔维尔&lt;/p&gt;','/Uploads/20170323/1490259915220150.jpg','1490259933') [ RunTime:0.0000s ]
INFO: [ view_parse ] --START--
INFO: [ template_filter ] --START--
INFO: Run Behavior\ContentReplaceBehavior [ RunTime:0.000000s ]
INFO: [ template_filter ] --END-- [ RunTime:0.000000s ]
INFO: Run Behavior\ParseTemplateBehavior [ RunTime:0.019001s ]
INFO: [ view_parse ] --END-- [ RunTime:0.019001s ]
INFO: [ view_filter ] --START--
INFO: Run Behavior\WriteHtmlCacheBehavior [ RunTime:0.000000s ]
INFO: [ view_filter ] --END-- [ RunTime:0.000000s ]
INFO: [ app_end ] --START--
INFO: Run Behavior\ShowPageTraceBehavior [ RunTime:0.001000s ]
INFO: [ app_end ] --END-- [ RunTime:0.001000s ]

[ 2017-03-23T17:05:34+08:00 ] ::1 /demo.lgwsh.net/admin.php/Goods/goodslist.html
INFO: [ app_init ] --START--
INFO: Run Behavior\BuildLiteBehavior [ RunTime:0.000000s ]
INFO: [ app_init ] --END-- [ RunTime:0.000000s ]
INFO: [ app_begin ] --START--
INFO: Run Behavior\ReadHtmlCacheBehavior [ RunTime:0.001000s ]
INFO: [ app_begin ] --END-- [ RunTime:0.001000s ]
SQL: SHOW COLUMNS FROM `ms_goods` [ RunTime:0.0110s ]
SQL: SELECT gc.name as gc_name,g.* FROM ms_goods g left join ms_goods_class as gc on gc.id = g.type  ORDER BY create_time desc  [ RunTime:0.0010s ]
INFO: [ view_parse ] --START--
INFO: [ template_filter ] --START--
INFO: Run Behavior\ContentReplaceBehavior [ RunTime:0.000000s ]
INFO: [ template_filter ] --END-- [ RunTime:0.000000s ]
INFO: Run Behavior\ParseTemplateBehavior [ RunTime:0.014001s ]
INFO: [ view_parse ] --END-- [ RunTime:0.014001s ]
INFO: [ view_filter ] --START--
INFO: Run Behavior\WriteHtmlCacheBehavior [ RunTime:0.001000s ]
INFO: [ view_filter ] --END-- [ RunTime:0.001000s ]
INFO: [ app_end ] --START--
INFO: Run Behavior\ShowPageTraceBehavior [ RunTime:0.001000s ]
INFO: [ app_end ] --END-- [ RunTime:0.001000s ]

[ 2017-03-23T17:33:51+08:00 ] ::1 /demo.lgwsh.net/admin.php/Goods/goodslist.html
INFO: [ app_init ] --START--
INFO: Run Behavior\BuildLiteBehavior [ RunTime:0.000000s ]
INFO: [ app_init ] --END-- [ RunTime:0.000000s ]
INFO: [ app_begin ] --START--
INFO: Run Behavior\ReadHtmlCacheBehavior [ RunTime:0.000000s ]
INFO: [ app_begin ] --END-- [ RunTime:0.000000s ]
SQL: SHOW COLUMNS FROM `ms_goods` [ RunTime:0.0100s ]
SQL: SELECT gc.name as gc_name,g.* FROM ms_goods g left join ms_goods_class as gc on gc.id = g.type  ORDER BY create_time desc  [ RunTime:0.0010s ]
INFO: [ view_parse ] --START--
INFO: [ template_filter ] --START--
INFO: Run Behavior\ContentReplaceBehavior [ RunTime:0.000000s ]
INFO: [ template_filter ] --END-- [ RunTime:0.000000s ]
INFO: Run Behavior\ParseTemplateBehavior [ RunTime:0.020001s ]
INFO: [ view_parse ] --END-- [ RunTime:0.020001s ]
INFO: [ view_filter ] --START--
INFO: Run Behavior\WriteHtmlCacheBehavior [ RunTime:0.001000s ]
INFO: [ view_filter ] --END-- [ RunTime:0.001000s ]
INFO: [ app_end ] --START--
INFO: Run Behavior\ShowPageTraceBehavior [ RunTime:0.000000s ]
INFO: [ app_end ] --END-- [ RunTime:0.000000s ]

[ 2017-03-23T17:33:54+08:00 ] ::1 /demo.lgwsh.net/admin.php/user/userlist
INFO: [ app_init ] --START--
INFO: Run Behavior\BuildLiteBehavior [ RunTime:0.000000s ]
INFO: [ app_init ] --END-- [ RunTime:0.000000s ]
INFO: [ app_begin ] --START--
INFO: Run Behavior\ReadHtmlCacheBehavior [ RunTime:0.001000s ]
INFO: [ app_begin ] --END-- [ RunTime:0.001000s ]
SQL: SHOW COLUMNS FROM `ms_user` [ RunTime:0.0120s ]
SQL: SELECT * FROM `ms_user`  [ RunTime:0.0010s ]
INFO: [ view_parse ] --START--
INFO: [ template_filter ] --START--
INFO: Run Behavior\ContentReplaceBehavior [ RunTime:0.000000s ]
INFO: [ template_filter ] --END-- [ RunTime:0.000000s ]
INFO: Run Behavior\ParseTemplateBehavior [ RunTime:0.012001s ]
INFO: [ view_parse ] --END-- [ RunTime:0.012001s ]
INFO: [ view_filter ] --START--
INFO: Run Behavior\WriteHtmlCacheBehavior [ RunTime:0.000000s ]
INFO: [ view_filter ] --END-- [ RunTime:0.000000s ]
INFO: [ app_end ] --START--
INFO: Run Behavior\ShowPageTraceBehavior [ RunTime:0.001000s ]
INFO: [ app_end ] --END-- [ RunTime:0.001000s ]

[ 2017-03-23T17:34:01+08:00 ] ::1 /demo.lgwsh.net/admin.php/User/userEdit/id/9.html
INFO: [ app_init ] --START--
INFO: Run Behavior\BuildLiteBehavior [ RunTime:0.000000s ]
INFO: [ app_init ] --END-- [ RunTime:0.000000s ]
INFO: [ app_begin ] --START--
INFO: Run Behavior\ReadHtmlCacheBehavior [ RunTime:0.001000s ]
INFO: [ app_begin ] --END-- [ RunTime:0.001000s ]
SQL: SHOW COLUMNS FROM `ms_user` [ RunTime:0.0130s ]
NOTIC: [2] Illegal offset type D:\WWW\demo.lgwsh.net\ThinkPHP\Library\Think\Model.class.php 第 722 行.
INFO: [ view_parse ] --START--
INFO: [ template_filter ] --START--
INFO: Run Behavior\ContentReplaceBehavior [ RunTime:0.001000s ]
INFO: [ template_filter ] --END-- [ RunTime:0.001000s ]
NOTIC: [8] Undefined variable: id D:\WWW\demo.lgwsh.net\Application\Runtime\Cache\Admin\9b9057ce6f2d2710bcf32f4eb29fb9d2.php 第 101 行.
NOTIC: [2] Illegal string offset 'id' D:\WWW\demo.lgwsh.net\Application\Runtime\Cache\Admin\9b9057ce6f2d2710bcf32f4eb29fb9d2.php 第 132 行.
NOTIC: [2] Illegal string offset 'id' D:\WWW\demo.lgwsh.net\Application\Runtime\Cache\Admin\9b9057ce6f2d2710bcf32f4eb29fb9d2.php 第 132 行.
NOTIC: [8] Undefined index: id D:\WWW\demo.lgwsh.net\Application\Runtime\Cache\Admin\9b9057ce6f2d2710bcf32f4eb29fb9d2.php 第 158 行.
NOTIC: [8] Undefined index: id D:\WWW\demo.lgwsh.net\Application\Runtime\Cache\Admin\9b9057ce6f2d2710bcf32f4eb29fb9d2.php 第 158 行.
NOTIC: [8] Undefined index: id D:\WWW\demo.lgwsh.net\Application\Runtime\Cache\Admin\9b9057ce6f2d2710bcf32f4eb29fb9d2.php 第 158 行.
NOTIC: [8] Undefined index: id D:\WWW\demo.lgwsh.net\Application\Runtime\Cache\Admin\9b9057ce6f2d2710bcf32f4eb29fb9d2.php 第 158 行.
NOTIC: [2] Illegal string offset 'id' D:\WWW\demo.lgwsh.net\Application\Runtime\Cache\Admin\9b9057ce6f2d2710bcf32f4eb29fb9d2.php 第 167 行.
NOTIC: [2] Illegal string offset 'id' D:\WWW\demo.lgwsh.net\Application\Runtime\Cache\Admin\9b9057ce6f2d2710bcf32f4eb29fb9d2.php 第 167 行.
NOTIC: [2] Illegal string offset 'id' D:\WWW\demo.lgwsh.net\Application\Runtime\Cache\Admin\9b9057ce6f2d2710bcf32f4eb29fb9d2.php 第 167 行.
INFO: Run Behavior\ParseTemplateBehavior [ RunTime:0.015000s ]
INFO: [ view_parse ] --END-- [ RunTime:0.015000s ]
INFO: [ view_filter ] --START--
INFO: Run Behavior\WriteHtmlCacheBehavior [ RunTime:0.000000s ]
INFO: [ view_filter ] --END-- [ RunTime:0.000000s ]
INFO: [ app_end ] --START--
INFO: Run Behavior\ShowPageTraceBehavior [ RunTime:0.000000s ]
INFO: [ app_end ] --END-- [ RunTime:0.000000s ]

[ 2017-03-23T17:54:38+08:00 ] ::1 /demo.lgwsh.net/admin.php/user/userlist
INFO: [ app_init ] --START--
INFO: Run Behavior\BuildLiteBehavior [ RunTime:0.000000s ]
INFO: [ app_init ] --END-- [ RunTime:0.000000s ]
INFO: [ app_begin ] --START--
INFO: Run Behavior\ReadHtmlCacheBehavior [ RunTime:0.001000s ]
INFO: [ app_begin ] --END-- [ RunTime:0.001000s ]
SQL: SHOW COLUMNS FROM `ms_user` [ RunTime:0.0110s ]
SQL: SELECT * FROM `ms_user`  [ RunTime:0.0010s ]
INFO: [ view_parse ] --START--
INFO: [ template_filter ] --START--
INFO: Run Behavior\ContentReplaceBehavior [ RunTime:0.000000s ]
INFO: [ template_filter ] --END-- [ RunTime:0.000000s ]
INFO: Run Behavior\ParseTemplateBehavior [ RunTime:0.013001s ]
INFO: [ view_parse ] --END-- [ RunTime:0.013001s ]
INFO: [ view_filter ] --START--
INFO: Run Behavior\WriteHtmlCacheBehavior [ RunTime:0.000000s ]
INFO: [ view_filter ] --END-- [ RunTime:0.000000s ]
INFO: [ app_end ] --START--
INFO: Run Behavior\ShowPageTraceBehavior [ RunTime:0.001000s ]
INFO: [ app_end ] --END-- [ RunTime:0.001000s ]

[ 2017-03-23T17:54:42+08:00 ] ::1 /demo.lgwsh.net/admin.php/User/activeUser.html
INFO: [ app_init ] --START--
INFO: Run Behavior\BuildLiteBehavior [ RunTime:0.000000s ]
INFO: [ app_init ] --END-- [ RunTime:0.000000s ]
INFO: [ app_begin ] --START--
INFO: Run Behavior\ReadHtmlCacheBehavior [ RunTime:0.001000s ]
INFO: [ app_begin ] --END-- [ RunTime:0.001000s ]
SQL: SHOW COLUMNS FROM `ms_user` [ RunTime:0.0130s ]
SQL: SHOW COLUMNS FROM `ms_user` [ RunTime:0.0120s ]
NOTIC: [2] Illegal offset type D:\WWW\demo.lgwsh.net\ThinkPHP\Library\Think\Model.class.php 第 722 行.
ERR: 1064:You have an error in your SQL syntax; check the manual that corresponds to your MySQL server version for the right syntax to use near ',,)' at line 1
 [ SQL语句 ] :  call net_add(,,,)
ERR: 1064:You have an error in your SQL syntax; check the manual that corresponds to your MySQL server version for the right syntax to use near ',,)' at line 1
 [ SQL语句 ] :  call net_add(,,,)

[ 2017-03-23T17:56:23+08:00 ] ::1 /demo.lgwsh.net/admin.php/user/userlist
INFO: [ app_init ] --START--
INFO: Run Behavior\BuildLiteBehavior [ RunTime:0.000000s ]
INFO: [ app_init ] --END-- [ RunTime:0.000000s ]
INFO: [ app_begin ] --START--
INFO: Run Behavior\ReadHtmlCacheBehavior [ RunTime:0.001000s ]
INFO: [ app_begin ] --END-- [ RunTime:0.001000s ]
SQL: SHOW COLUMNS FROM `ms_user` [ RunTime:0.0110s ]
SQL: SELECT * FROM `ms_user`  [ RunTime:0.0000s ]
INFO: [ view_parse ] --START--
INFO: [ template_filter ] --START--
INFO: Run Behavior\ContentReplaceBehavior [ RunTime:0.000000s ]
INFO: [ template_filter ] --END-- [ RunTime:0.000000s ]
INFO: Run Behavior\ParseTemplateBehavior [ RunTime:0.012001s ]
INFO: [ view_parse ] --END-- [ RunTime:0.012001s ]
INFO: [ view_filter ] --START--
INFO: Run Behavior\WriteHtmlCacheBehavior [ RunTime:0.000000s ]
INFO: [ view_filter ] --END-- [ RunTime:0.000000s ]
INFO: [ app_end ] --START--
INFO: Run Behavior\ShowPageTraceBehavior [ RunTime:0.000000s ]
INFO: [ app_end ] --END-- [ RunTime:0.000000s ]

[ 2017-03-23T17:56:24+08:00 ] ::1 /demo.lgwsh.net/admin.php/user/userlist
INFO: [ app_init ] --START--
INFO: Run Behavior\BuildLiteBehavior [ RunTime:0.000000s ]
INFO: [ app_init ] --END-- [ RunTime:0.000000s ]
INFO: [ app_begin ] --START--
INFO: Run Behavior\ReadHtmlCacheBehavior [ RunTime:0.001000s ]
INFO: [ app_begin ] --END-- [ RunTime:0.001000s ]
SQL: SHOW COLUMNS FROM `ms_user` [ RunTime:0.0090s ]
SQL: SELECT * FROM `ms_user`  [ RunTime:0.0000s ]
INFO: [ view_parse ] --START--
INFO: [ template_filter ] --START--
INFO: Run Behavior\ContentReplaceBehavior [ RunTime:0.001000s ]
INFO: [ template_filter ] --END-- [ RunTime:0.001000s ]
INFO: Run Behavior\ParseTemplateBehavior [ RunTime:0.013000s ]
INFO: [ view_parse ] --END-- [ RunTime:0.013000s ]
INFO: [ view_filter ] --START--
INFO: Run Behavior\WriteHtmlCacheBehavior [ RunTime:0.001000s ]
INFO: [ view_filter ] --END-- [ RunTime:0.001000s ]
INFO: [ app_end ] --START--
INFO: Run Behavior\ShowPageTraceBehavior [ RunTime:0.001000s ]
INFO: [ app_end ] --END-- [ RunTime:0.001000s ]

[ 2017-03-23T17:56:31+08:00 ] ::1 /demo.lgwsh.net/admin.php/User/activeUser.html
INFO: [ app_init ] --START--
INFO: Run Behavior\BuildLiteBehavior [ RunTime:0.000000s ]
INFO: [ app_init ] --END-- [ RunTime:0.000000s ]
INFO: [ app_begin ] --START--
INFO: Run Behavior\ReadHtmlCacheBehavior [ RunTime:0.000000s ]
INFO: [ app_begin ] --END-- [ RunTime:0.000000s ]
SQL: SHOW COLUMNS FROM `ms_user` [ RunTime:0.0110s ]
SQL: SHOW COLUMNS FROM `ms_user` [ RunTime:0.0110s ]
NOTIC: [2] Illegal offset type D:\WWW\demo.lgwsh.net\ThinkPHP\Library\Think\Model.class.php 第 722 行.
ERR: 1064:You have an error in your SQL syntax; check the manual that corresponds to your MySQL server version for the right syntax to use near ',,)' at line 1
 [ SQL语句 ] :  call net_add(,,,)
ERR: 1064:You have an error in your SQL syntax; check the manual that corresponds to your MySQL server version for the right syntax to use near ',,)' at line 1
 [ SQL语句 ] :  call net_add(,,,)

[ 2017-03-23T17:56:51+08:00 ] ::1 /demo.lgwsh.net/admin.php/User/activeUser.html
INFO: [ app_init ] --START--
INFO: Run Behavior\BuildLiteBehavior [ RunTime:0.000000s ]
INFO: [ app_init ] --END-- [ RunTime:0.000000s ]
INFO: [ app_begin ] --START--
INFO: Run Behavior\ReadHtmlCacheBehavior [ RunTime:0.001000s ]
INFO: [ app_begin ] --END-- [ RunTime:0.001000s ]
SQL: SHOW COLUMNS FROM `ms_user` [ RunTime:0.0090s ]
SQL: SHOW COLUMNS FROM `ms_user` [ RunTime:0.0080s ]
NOTIC: [2] Illegal offset type D:\WWW\demo.lgwsh.net\ThinkPHP\Library\Think\Model.class.php 第 722 行.
ERR: 1064:You have an error in your SQL syntax; check the manual that corresponds to your MySQL server version for the right syntax to use near ',,)' at line 1
 [ SQL语句 ] : call net_add(,,,)
ERR: 1064:You have an error in your SQL syntax; check the manual that corresponds to your MySQL server version for the right syntax to use near ',,)' at line 1
 [ SQL语句 ] : call net_add(,,,)

[ 2017-03-23T17:58:45+08:00 ] ::1 /demo.lgwsh.net/admin.php/User/activeUser.html
INFO: [ app_init ] --START--
INFO: Run Behavior\BuildLiteBehavior [ RunTime:0.000000s ]
INFO: [ app_init ] --END-- [ RunTime:0.001000s ]
INFO: [ app_begin ] --START--
INFO: Run Behavior\ReadHtmlCacheBehavior [ RunTime:0.000000s ]
INFO: [ app_begin ] --END-- [ RunTime:0.000000s ]
SQL: SHOW COLUMNS FROM `ms_user` [ RunTime:0.0110s ]
SQL: SHOW COLUMNS FROM `ms_user` [ RunTime:0.0110s ]
NOTIC: [2] Illegal offset type D:\WWW\demo.lgwsh.net\ThinkPHP\Library\Think\Model.class.php 第 722 行.

[ 2017-03-23T17:59:42+08:00 ] ::1 /demo.lgwsh.net/admin.php/User/activeUser.html
INFO: [ app_init ] --START--
INFO: Run Behavior\BuildLiteBehavior [ RunTime:0.000000s ]
INFO: [ app_init ] --END-- [ RunTime:0.000000s ]
INFO: [ app_begin ] --START--
INFO: Run Behavior\ReadHtmlCacheBehavior [ RunTime:0.001000s ]
INFO: [ app_begin ] --END-- [ RunTime:0.001000s ]
SQL: SHOW COLUMNS FROM `ms_user` [ RunTime:0.0110s ]
SQL: SHOW COLUMNS FROM `ms_user` [ RunTime:0.0110s ]
NOTIC: [2] Illegal offset type D:\WWW\demo.lgwsh.net\ThinkPHP\Library\Think\Model.class.php 第 722 行.

[ 2017-03-23T18:01:32+08:00 ] ::1 /demo.lgwsh.net/admin.php/User/activeUser.html
INFO: [ app_init ] --START--
INFO: Run Behavior\BuildLiteBehavior [ RunTime:0.000000s ]
INFO: [ app_init ] --END-- [ RunTime:0.000000s ]
INFO: [ app_begin ] --START--
INFO: Run Behavior\ReadHtmlCacheBehavior [ RunTime:0.001000s ]
INFO: [ app_begin ] --END-- [ RunTime:0.001000s ]
SQL: SHOW COLUMNS FROM `ms_user` [ RunTime:0.0110s ]

[ 2017-03-23T18:02:52+08:00 ] ::1 /demo.lgwsh.net/admin.php/user/userlist
INFO: [ app_init ] --START--
INFO: Run Behavior\BuildLiteBehavior [ RunTime:0.000000s ]
INFO: [ app_init ] --END-- [ RunTime:0.000000s ]
INFO: [ app_begin ] --START--
INFO: Run Behavior\ReadHtmlCacheBehavior [ RunTime:0.000000s ]
INFO: [ app_begin ] --END-- [ RunTime:0.001000s ]
SQL: SHOW COLUMNS FROM `ms_user` [ RunTime:0.0110s ]
SQL: SELECT * FROM `ms_user`  [ RunTime:0.0000s ]
INFO: [ view_parse ] --START--
INFO: [ template_filter ] --START--
INFO: Run Behavior\ContentReplaceBehavior [ RunTime:0.000000s ]
INFO: [ template_filter ] --END-- [ RunTime:0.000000s ]
INFO: Run Behavior\ParseTemplateBehavior [ RunTime:0.024002s ]
INFO: [ view_parse ] --END-- [ RunTime:0.024002s ]
INFO: [ view_filter ] --START--
INFO: Run Behavior\WriteHtmlCacheBehavior [ RunTime:0.000000s ]
INFO: [ view_filter ] --END-- [ RunTime:0.000000s ]
INFO: [ app_end ] --START--
INFO: Run Behavior\ShowPageTraceBehavior [ RunTime:0.000000s ]
INFO: [ app_end ] --END-- [ RunTime:0.000000s ]

[ 2017-03-23T18:02:56+08:00 ] ::1 /demo.lgwsh.net/admin.php/User/activeUser.html
INFO: [ app_init ] --START--
INFO: Run Behavior\BuildLiteBehavior [ RunTime:0.000000s ]
INFO: [ app_init ] --END-- [ RunTime:0.000000s ]
INFO: [ app_begin ] --START--
INFO: Run Behavior\ReadHtmlCacheBehavior [ RunTime:0.000000s ]
INFO: [ app_begin ] --END-- [ RunTime:0.001000s ]
SQL: SHOW COLUMNS FROM `ms_user` [ RunTime:0.0110s ]
NOTIC: [8] Undefined index: user_id D:\WWW\demo.lgwsh.net\Application\Admin\Controller\UserController.class.php 第 137 行.
SQL: SHOW COLUMNS FROM `ms_user` [ RunTime:0.0110s ]
NOTIC: [2] Illegal offset type D:\WWW\demo.lgwsh.net\ThinkPHP\Library\Think\Model.class.php 第 722 行.

[ 2017-03-23T18:03:15+08:00 ] ::1 /demo.lgwsh.net/admin.php/user/userlist
INFO: [ app_init ] --START--
INFO: Run Behavior\BuildLiteBehavior [ RunTime:0.000000s ]
INFO: [ app_init ] --END-- [ RunTime:0.000000s ]
INFO: [ app_begin ] --START--
INFO: Run Behavior\ReadHtmlCacheBehavior [ RunTime:0.001000s ]
INFO: [ app_begin ] --END-- [ RunTime:0.001000s ]
SQL: SHOW COLUMNS FROM `ms_user` [ RunTime:0.0150s ]
SQL: SELECT * FROM `ms_user`  [ RunTime:0.0010s ]
INFO: [ view_parse ] --START--
INFO: [ template_filter ] --START--
INFO: Run Behavior\ContentReplaceBehavior [ RunTime:0.000000s ]
INFO: [ template_filter ] --END-- [ RunTime:0.000000s ]
INFO: Run Behavior\ParseTemplateBehavior [ RunTime:0.017001s ]
INFO: [ view_parse ] --END-- [ RunTime:0.017001s ]
INFO: [ view_filter ] --START--
INFO: Run Behavior\WriteHtmlCacheBehavior [ RunTime:0.001000s ]
INFO: [ view_filter ] --END-- [ RunTime:0.001000s ]
INFO: [ app_end ] --START--
INFO: Run Behavior\ShowPageTraceBehavior [ RunTime:0.002000s ]
INFO: [ app_end ] --END-- [ RunTime:0.002000s ]

[ 2017-03-23T18:03:20+08:00 ] ::1 /demo.lgwsh.net/admin.php/User/activeUser.html
INFO: [ app_init ] --START--
INFO: Run Behavior\BuildLiteBehavior [ RunTime:0.000000s ]
INFO: [ app_init ] --END-- [ RunTime:0.000000s ]
INFO: [ app_begin ] --START--
INFO: Run Behavior\ReadHtmlCacheBehavior [ RunTime:0.001000s ]
INFO: [ app_begin ] --END-- [ RunTime:0.001000s ]
SQL: SHOW COLUMNS FROM `ms_user` [ RunTime:0.0130s ]
NOTIC: [8] Undefined index: user_id D:\WWW\demo.lgwsh.net\Application\Admin\Controller\UserController.class.php 第 137 行.
SQL: SHOW COLUMNS FROM `ms_user` [ RunTime:0.0140s ]
NOTIC: [2] Illegal offset type D:\WWW\demo.lgwsh.net\ThinkPHP\Library\Think\Model.class.php 第 722 行.

[ 2017-03-23T18:04:36+08:00 ] ::1 /demo.lgwsh.net/admin.php/user/userlist
INFO: [ app_init ] --START--
INFO: Run Behavior\BuildLiteBehavior [ RunTime:0.000000s ]
INFO: [ app_init ] --END-- [ RunTime:0.000000s ]
INFO: [ app_begin ] --START--
INFO: Run Behavior\ReadHtmlCacheBehavior [ RunTime:0.001000s ]
INFO: [ app_begin ] --END-- [ RunTime:0.002000s ]
SQL: SHOW COLUMNS FROM `ms_user` [ RunTime:0.0100s ]
SQL: SELECT * FROM `ms_user`  [ RunTime:0.0010s ]
INFO: [ view_parse ] --START--
INFO: [ template_filter ] --START--
INFO: Run Behavior\ContentReplaceBehavior [ RunTime:0.000000s ]
INFO: [ template_filter ] --END-- [ RunTime:0.000000s ]
INFO: Run Behavior\ParseTemplateBehavior [ RunTime:0.013001s ]
INFO: [ view_parse ] --END-- [ RunTime:0.013001s ]
INFO: [ view_filter ] --START--
INFO: Run Behavior\WriteHtmlCacheBehavior [ RunTime:0.000000s ]
INFO: [ view_filter ] --END-- [ RunTime:0.000000s ]
INFO: [ app_end ] --START--
INFO: Run Behavior\ShowPageTraceBehavior [ RunTime:0.001000s ]
INFO: [ app_end ] --END-- [ RunTime:0.001000s ]

[ 2017-03-23T18:04:40+08:00 ] ::1 /demo.lgwsh.net/admin.php/User/activeUser.html
INFO: [ app_init ] --START--
INFO: Run Behavior\BuildLiteBehavior [ RunTime:0.000000s ]
INFO: [ app_init ] --END-- [ RunTime:0.000000s ]
INFO: [ app_begin ] --START--
INFO: Run Behavior\ReadHtmlCacheBehavior [ RunTime:0.001000s ]
INFO: [ app_begin ] --END-- [ RunTime:0.001000s ]
SQL: SHOW COLUMNS FROM `ms_user` [ RunTime:0.0120s ]
NOTIC: [8] Undefined index: user_id D:\WWW\demo.lgwsh.net\Application\Admin\Controller\UserController.class.php 第 137 行.
SQL: SHOW COLUMNS FROM `ms_user` [ RunTime:0.0110s ]
SQL: SELECT * FROM `ms_user` WHERE `id` = 10 LIMIT 1   [ RunTime:0.0010s ]
ERR: 1064:You have an error in your SQL syntax; check the manual that corresponds to your MySQL server version for the right syntax to use near ')' at line 1
 [ SQL语句 ] : call net_add(10,1,1,)
ERR: 1064:You have an error in your SQL syntax; check the manual that corresponds to your MySQL server version for the right syntax to use near ')' at line 1
 [ SQL语句 ] : call net_add(10,1,1,)

[ 2017-03-23T18:05:24+08:00 ] ::1 /demo.lgwsh.net/admin.php/User/activeUser.html
INFO: [ app_init ] --START--
INFO: Run Behavior\BuildLiteBehavior [ RunTime:0.000000s ]
INFO: [ app_init ] --END-- [ RunTime:0.000000s ]
INFO: [ app_begin ] --START--
INFO: Run Behavior\ReadHtmlCacheBehavior [ RunTime:0.001000s ]
INFO: [ app_begin ] --END-- [ RunTime:0.001000s ]
SQL: SHOW COLUMNS FROM `ms_user` [ RunTime:0.0120s ]
NOTIC: [8] Undefined index: user_id D:\WWW\demo.lgwsh.net\Application\Admin\Controller\UserController.class.php 第 137 行.
SQL: SHOW COLUMNS FROM `ms_user` [ RunTime:0.0110s ]
SQL: SELECT * FROM `ms_user` WHERE `id` = 10 LIMIT 1   [ RunTime:0.0000s ]
SQL: call net_add(10,1,1,1) [ RunTime:0.0040s ]
INFO: [ app_end ] --START--
INFO: Run Behavior\ShowPageTraceBehavior [ RunTime:0.000000s ]
INFO: [ app_end ] --END-- [ RunTime:0.000000s ]

