[ 2017-03-21T08:31:16+08:00 ] ::1 /demo.lgwsh.net/admin.php/user/useradd
INFO: [ app_init ] --START--
INFO: Run Behavior\BuildLiteBehavior [ RunTime:0.000000s ]
INFO: [ app_init ] --END-- [ RunTime:0.000000s ]
INFO: [ app_begin ] --START--
INFO: Run Behavior\ReadHtmlCacheBehavior [ RunTime:0.001000s ]
INFO: [ app_begin ] --END-- [ RunTime:0.001000s ]
SQL: SHOW COLUMNS FROM `ms_user` [ RunTime:0.0050s ]
SQL: SHOW COLUMNS FROM `ms_goods` [ RunTime:0.0040s ]
SQL: SELECT * FROM `ms_goods` WHERE `pro_type` = 1  [ RunTime:0.0000s ]
INFO: [ view_parse ] --START--
INFO: [ template_filter ] --START--
INFO: Run Behavior\ContentReplaceBehavior [ RunTime:0.001000s ]
INFO: [ template_filter ] --END-- [ RunTime:0.001000s ]
NOTIC: [8] Undefined variable: id D:\WWW\demo.lgwsh.net\Application\Runtime\Cache\Admin\244f0e186f6c74cf92263867262fd401.php 第 101 行.
NOTIC: [8] Undefined index: username D:\WWW\demo.lgwsh.net\Application\Runtime\Cache\Admin\244f0e186f6c74cf92263867262fd401.php 第 105 行.
NOTIC: [8] Undefined index: truename D:\WWW\demo.lgwsh.net\Application\Runtime\Cache\Admin\244f0e186f6c74cf92263867262fd401.php 第 112 行.
NOTIC: [8] Undefined index: phone D:\WWW\demo.lgwsh.net\Application\Runtime\Cache\Admin\244f0e186f6c74cf92263867262fd401.php 第 118 行.
NOTIC: [8] Undefined index: phone D:\WWW\demo.lgwsh.net\Application\Runtime\Cache\Admin\244f0e186f6c74cf92263867262fd401.php 第 124 行.
NOTIC: [8] Undefined index: phone D:\WWW\demo.lgwsh.net\Application\Runtime\Cache\Admin\244f0e186f6c74cf92263867262fd401.php 第 130 行.
NOTIC: [8] Undefined index: phone D:\WWW\demo.lgwsh.net\Application\Runtime\Cache\Admin\244f0e186f6c74cf92263867262fd401.php 第 136 行.
NOTIC: [8] Undefined index: parent_id D:\WWW\demo.lgwsh.net\Application\Runtime\Cache\Admin\244f0e186f6c74cf92263867262fd401.php 第 144 行.
NOTIC: [8] Undefined index: id D:\WWW\demo.lgwsh.net\Application\Runtime\Cache\Admin\244f0e186f6c74cf92263867262fd401.php 第 144 行.
NOTIC: [8] Undefined index: parent_id D:\WWW\demo.lgwsh.net\Application\Runtime\Cache\Admin\244f0e186f6c74cf92263867262fd401.php 第 144 行.
NOTIC: [8] Undefined index: id D:\WWW\demo.lgwsh.net\Application\Runtime\Cache\Admin\244f0e186f6c74cf92263867262fd401.php 第 144 行.
NOTIC: [8] Undefined index: parent_id D:\WWW\demo.lgwsh.net\Application\Runtime\Cache\Admin\244f0e186f6c74cf92263867262fd401.php 第 144 行.
NOTIC: [8] Undefined index: id D:\WWW\demo.lgwsh.net\Application\Runtime\Cache\Admin\244f0e186f6c74cf92263867262fd401.php 第 144 行.
NOTIC: [8] Undefined index: parent_id D:\WWW\demo.lgwsh.net\Application\Runtime\Cache\Admin\244f0e186f6c74cf92263867262fd401.php 第 144 行.
NOTIC: [8] Undefined index: id D:\WWW\demo.lgwsh.net\Application\Runtime\Cache\Admin\244f0e186f6c74cf92263867262fd401.php 第 144 行.
NOTIC: [8] Undefined index: parent_id D:\WWW\demo.lgwsh.net\Application\Runtime\Cache\Admin\244f0e186f6c74cf92263867262fd401.php 第 153 行.
NOTIC: [2] Illegal string offset 'id' D:\WWW\demo.lgwsh.net\Application\Runtime\Cache\Admin\244f0e186f6c74cf92263867262fd401.php 第 153 行.
NOTIC: [8] Undefined index: parent_id D:\WWW\demo.lgwsh.net\Application\Runtime\Cache\Admin\244f0e186f6c74cf92263867262fd401.php 第 153 行.
NOTIC: [2] Illegal string offset 'id' D:\WWW\demo.lgwsh.net\Application\Runtime\Cache\Admin\244f0e186f6c74cf92263867262fd401.php 第 153 行.
NOTIC: [8] Undefined index: parent_id D:\WWW\demo.lgwsh.net\Application\Runtime\Cache\Admin\244f0e186f6c74cf92263867262fd401.php 第 153 行.
NOTIC: [2] Illegal string offset 'id' D:\WWW\demo.lgwsh.net\Application\Runtime\Cache\Admin\244f0e186f6c74cf92263867262fd401.php 第 153 行.
NOTIC: [8] Undefined index: bank_user D:\WWW\demo.lgwsh.net\Application\Runtime\Cache\Admin\244f0e186f6c74cf92263867262fd401.php 第 159 行.
NOTIC: [8] Undefined index: bank_tree D:\WWW\demo.lgwsh.net\Application\Runtime\Cache\Admin\244f0e186f6c74cf92263867262fd401.php 第 165 行.
NOTIC: [8] Undefined index: address D:\WWW\demo.lgwsh.net\Application\Runtime\Cache\Admin\244f0e186f6c74cf92263867262fd401.php 第 171 行.
NOTIC: [8] Undefined index: left_right D:\WWW\demo.lgwsh.net\Application\Runtime\Cache\Admin\244f0e186f6c74cf92263867262fd401.php 第 178 行.
NOTIC: [8] Undefined index: left_right D:\WWW\demo.lgwsh.net\Application\Runtime\Cache\Admin\244f0e186f6c74cf92263867262fd401.php 第 181 行.
NOTIC: [8] Undefined index: logo D:\WWW\demo.lgwsh.net\Application\Runtime\Cache\Admin\244f0e186f6c74cf92263867262fd401.php 第 202 行.
NOTIC: [8] Undefined index: logo D:\WWW\demo.lgwsh.net\Application\Runtime\Cache\Admin\244f0e186f6c74cf92263867262fd401.php 第 202 行.
INFO: Run Behavior\ParseTemplateBehavior [ RunTime:0.023001s ]
INFO: [ view_parse ] --END-- [ RunTime:0.023001s ]
INFO: [ view_filter ] --START--
INFO: Run Behavior\WriteHtmlCacheBehavior [ RunTime:0.001000s ]
INFO: [ view_filter ] --END-- [ RunTime:0.001000s ]
INFO: [ app_end ] --START--
INFO: Run Behavior\ShowPageTraceBehavior [ RunTime:0.001000s ]
INFO: [ app_end ] --END-- [ RunTime:0.001000s ]

[ 2017-03-21T08:35:57+08:00 ] ::1 /demo.lgwsh.net/admin.php/User/add_edit_user.html
INFO: [ app_init ] --START--
INFO: Run Behavior\BuildLiteBehavior [ RunTime:0.000000s ]
INFO: [ app_init ] --END-- [ RunTime:0.000000s ]
INFO: [ app_begin ] --START--
INFO: Run Behavior\ReadHtmlCacheBehavior [ RunTime:0.001000s ]
INFO: [ app_begin ] --END-- [ RunTime:0.001000s ]
SQL: SHOW COLUMNS FROM `ms_user` [ RunTime:0.0230s ]
SQL: SELECT * FROM `ms_user` WHERE `username` = '123' LIMIT 1   [ RunTime:0.0000s ]
SQL: SELECT * FROM `ms_user` WHERE `username` IN ('132','312')  [ RunTime:0.0000s ]
NOTIC: [8] Undefined offset: 0 D:\WWW\demo.lgwsh.net\Application\Admin\Controller\UserController.class.php 第 67 行.
NOTIC: [2] Missing argument 3 for ajax_return(), called in D:\WWW\demo.lgwsh.net\Application\Admin\Controller\UserController.class.php on line 69 and defined D:\WWW\demo.lgwsh.net\Application\Common\Common\function.php 第 10 行.
NOTIC: [8] Undefined variable: data D:\WWW\demo.lgwsh.net\Application\Common\Common\function.php 第 15 行.

[ 2017-03-21T10:11:34+08:00 ] ::1 /demo.lgwsh.net/admin.php
INFO: [ app_init ] --START--
INFO: Run Behavior\BuildLiteBehavior [ RunTime:0.000000s ]
INFO: [ app_init ] --END-- [ RunTime:0.000000s ]
INFO: [ app_begin ] --START--
INFO: Run Behavior\ReadHtmlCacheBehavior [ RunTime:0.000000s ]
INFO: [ app_begin ] --END-- [ RunTime:0.000000s ]
INFO: [ view_parse ] --START--
INFO: [ template_filter ] --START--
INFO: Run Behavior\ContentReplaceBehavior [ RunTime:0.000000s ]
INFO: [ template_filter ] --END-- [ RunTime:0.001000s ]
INFO: Run Behavior\ParseTemplateBehavior [ RunTime:0.027001s ]
INFO: [ view_parse ] --END-- [ RunTime:0.027001s ]
INFO: [ view_filter ] --START--
INFO: Run Behavior\WriteHtmlCacheBehavior [ RunTime:0.000000s ]
INFO: [ view_filter ] --END-- [ RunTime:0.000000s ]
INFO: [ app_end ] --START--
INFO: Run Behavior\ShowPageTraceBehavior [ RunTime:0.001000s ]
INFO: [ app_end ] --END-- [ RunTime:0.001000s ]

[ 2017-03-21T11:44:38+08:00 ] ::1 /demo.lgwsh.net/admin.php
INFO: [ app_init ] --START--
INFO: Run Behavior\BuildLiteBehavior [ RunTime:0.000000s ]
INFO: [ app_init ] --END-- [ RunTime:0.000000s ]
INFO: [ app_begin ] --START--
INFO: Run Behavior\ReadHtmlCacheBehavior [ RunTime:0.001000s ]
INFO: [ app_begin ] --END-- [ RunTime:0.001000s ]
INFO: [ view_parse ] --START--
INFO: [ template_filter ] --START--
INFO: Run Behavior\ContentReplaceBehavior [ RunTime:0.000000s ]
INFO: [ template_filter ] --END-- [ RunTime:0.000000s ]
INFO: Run Behavior\ParseTemplateBehavior [ RunTime:0.015001s ]
INFO: [ view_parse ] --END-- [ RunTime:0.015001s ]
INFO: [ view_filter ] --START--
INFO: Run Behavior\WriteHtmlCacheBehavior [ RunTime:0.000000s ]
INFO: [ view_filter ] --END-- [ RunTime:0.000000s ]
INFO: [ app_end ] --START--
INFO: Run Behavior\ShowPageTraceBehavior [ RunTime:0.001000s ]
INFO: [ app_end ] --END-- [ RunTime:0.001000s ]

[ 2017-03-21T11:45:00+08:00 ] ::1 /demo.lgwsh.net/admin.php/user/useradd
INFO: [ app_init ] --START--
INFO: Run Behavior\BuildLiteBehavior [ RunTime:0.000000s ]
INFO: [ app_init ] --END-- [ RunTime:0.001000s ]
INFO: [ app_begin ] --START--
INFO: Run Behavior\ReadHtmlCacheBehavior [ RunTime:0.001000s ]
INFO: [ app_begin ] --END-- [ RunTime:0.001000s ]
SQL: SHOW COLUMNS FROM `ms_user` [ RunTime:0.0050s ]
SQL: SHOW COLUMNS FROM `ms_goods` [ RunTime:0.0350s ]
SQL: SELECT * FROM `ms_goods` WHERE `pro_type` = 1  [ RunTime:0.0000s ]
INFO: [ view_parse ] --START--
INFO: [ template_filter ] --START--
INFO: Run Behavior\ContentReplaceBehavior [ RunTime:0.000000s ]
INFO: [ template_filter ] --END-- [ RunTime:0.000000s ]
NOTIC: [8] Undefined variable: id D:\WWW\demo.lgwsh.net\Application\Runtime\Cache\Admin\244f0e186f6c74cf92263867262fd401.php 第 101 行.
NOTIC: [8] Undefined index: username D:\WWW\demo.lgwsh.net\Application\Runtime\Cache\Admin\244f0e186f6c74cf92263867262fd401.php 第 105 行.
NOTIC: [8] Undefined index: truename D:\WWW\demo.lgwsh.net\Application\Runtime\Cache\Admin\244f0e186f6c74cf92263867262fd401.php 第 112 行.
NOTIC: [8] Undefined index: phone D:\WWW\demo.lgwsh.net\Application\Runtime\Cache\Admin\244f0e186f6c74cf92263867262fd401.php 第 118 行.
NOTIC: [8] Undefined index: phone D:\WWW\demo.lgwsh.net\Application\Runtime\Cache\Admin\244f0e186f6c74cf92263867262fd401.php 第 124 行.
NOTIC: [8] Undefined index: phone D:\WWW\demo.lgwsh.net\Application\Runtime\Cache\Admin\244f0e186f6c74cf92263867262fd401.php 第 130 行.
NOTIC: [8] Undefined index: phone D:\WWW\demo.lgwsh.net\Application\Runtime\Cache\Admin\244f0e186f6c74cf92263867262fd401.php 第 136 行.
NOTIC: [8] Undefined index: parent_id D:\WWW\demo.lgwsh.net\Application\Runtime\Cache\Admin\244f0e186f6c74cf92263867262fd401.php 第 144 行.
NOTIC: [8] Undefined index: id D:\WWW\demo.lgwsh.net\Application\Runtime\Cache\Admin\244f0e186f6c74cf92263867262fd401.php 第 144 行.
NOTIC: [8] Undefined index: parent_id D:\WWW\demo.lgwsh.net\Application\Runtime\Cache\Admin\244f0e186f6c74cf92263867262fd401.php 第 144 行.
NOTIC: [8] Undefined index: id D:\WWW\demo.lgwsh.net\Application\Runtime\Cache\Admin\244f0e186f6c74cf92263867262fd401.php 第 144 行.
NOTIC: [8] Undefined index: parent_id D:\WWW\demo.lgwsh.net\Application\Runtime\Cache\Admin\244f0e186f6c74cf92263867262fd401.php 第 144 行.
NOTIC: [8] Undefined index: id D:\WWW\demo.lgwsh.net\Application\Runtime\Cache\Admin\244f0e186f6c74cf92263867262fd401.php 第 144 行.
NOTIC: [8] Undefined index: parent_id D:\WWW\demo.lgwsh.net\Application\Runtime\Cache\Admin\244f0e186f6c74cf92263867262fd401.php 第 144 行.
NOTIC: [8] Undefined index: id D:\WWW\demo.lgwsh.net\Application\Runtime\Cache\Admin\244f0e186f6c74cf92263867262fd401.php 第 144 行.
NOTIC: [8] Undefined index: parent_id D:\WWW\demo.lgwsh.net\Application\Runtime\Cache\Admin\244f0e186f6c74cf92263867262fd401.php 第 153 行.
NOTIC: [2] Illegal string offset 'id' D:\WWW\demo.lgwsh.net\Application\Runtime\Cache\Admin\244f0e186f6c74cf92263867262fd401.php 第 153 行.
NOTIC: [8] Undefined index: parent_id D:\WWW\demo.lgwsh.net\Application\Runtime\Cache\Admin\244f0e186f6c74cf92263867262fd401.php 第 153 行.
NOTIC: [2] Illegal string offset 'id' D:\WWW\demo.lgwsh.net\Application\Runtime\Cache\Admin\244f0e186f6c74cf92263867262fd401.php 第 153 行.
NOTIC: [8] Undefined index: parent_id D:\WWW\demo.lgwsh.net\Application\Runtime\Cache\Admin\244f0e186f6c74cf92263867262fd401.php 第 153 行.
NOTIC: [2] Illegal string offset 'id' D:\WWW\demo.lgwsh.net\Application\Runtime\Cache\Admin\244f0e186f6c74cf92263867262fd401.php 第 153 行.
NOTIC: [8] Undefined index: bank_user D:\WWW\demo.lgwsh.net\Application\Runtime\Cache\Admin\244f0e186f6c74cf92263867262fd401.php 第 159 行.
NOTIC: [8] Undefined index: bank_tree D:\WWW\demo.lgwsh.net\Application\Runtime\Cache\Admin\244f0e186f6c74cf92263867262fd401.php 第 165 行.
NOTIC: [8] Undefined index: address D:\WWW\demo.lgwsh.net\Application\Runtime\Cache\Admin\244f0e186f6c74cf92263867262fd401.php 第 171 行.
NOTIC: [8] Undefined index: left_right D:\WWW\demo.lgwsh.net\Application\Runtime\Cache\Admin\244f0e186f6c74cf92263867262fd401.php 第 178 行.
NOTIC: [8] Undefined index: left_right D:\WWW\demo.lgwsh.net\Application\Runtime\Cache\Admin\244f0e186f6c74cf92263867262fd401.php 第 181 行.
NOTIC: [8] Undefined index: logo D:\WWW\demo.lgwsh.net\Application\Runtime\Cache\Admin\244f0e186f6c74cf92263867262fd401.php 第 202 行.
NOTIC: [8] Undefined index: logo D:\WWW\demo.lgwsh.net\Application\Runtime\Cache\Admin\244f0e186f6c74cf92263867262fd401.php 第 202 行.
INFO: Run Behavior\ParseTemplateBehavior [ RunTime:0.021001s ]
INFO: [ view_parse ] --END-- [ RunTime:0.021001s ]
INFO: [ view_filter ] --START--
INFO: Run Behavior\WriteHtmlCacheBehavior [ RunTime:0.000000s ]
INFO: [ view_filter ] --END-- [ RunTime:0.000000s ]
INFO: [ app_end ] --START--
INFO: Run Behavior\ShowPageTraceBehavior [ RunTime:0.001000s ]
INFO: [ app_end ] --END-- [ RunTime:0.001000s ]

[ 2017-03-21T17:29:57+08:00 ] ::1 /demo.lgwsh.net/admin.php
INFO: [ app_init ] --START--
INFO: Run Behavior\BuildLiteBehavior [ RunTime:0.000000s ]
INFO: [ app_init ] --END-- [ RunTime:0.000000s ]
INFO: [ app_begin ] --START--
INFO: Run Behavior\ReadHtmlCacheBehavior [ RunTime:0.000000s ]
INFO: [ app_begin ] --END-- [ RunTime:0.000000s ]

[ 2017-03-21T17:29:57+08:00 ] ::1 /demo.lgwsh.net/admin.php/Public/login.html
INFO: [ app_init ] --START--
INFO: Run Behavior\BuildLiteBehavior [ RunTime:0.000000s ]
INFO: [ app_init ] --END-- [ RunTime:0.000000s ]
INFO: [ app_begin ] --START--
INFO: Run Behavior\ReadHtmlCacheBehavior [ RunTime:0.000000s ]
INFO: [ app_begin ] --END-- [ RunTime:0.000000s ]
INFO: [ view_parse ] --START--
INFO: [ template_filter ] --START--
INFO: Run Behavior\ContentReplaceBehavior [ RunTime:0.000000s ]
INFO: [ template_filter ] --END-- [ RunTime:0.000000s ]
INFO: Run Behavior\ParseTemplateBehavior [ RunTime:0.033002s ]
INFO: [ view_parse ] --END-- [ RunTime:0.033002s ]
INFO: [ view_filter ] --START--
INFO: Run Behavior\WriteHtmlCacheBehavior [ RunTime:0.000000s ]
INFO: [ view_filter ] --END-- [ RunTime:0.000000s ]
INFO: [ app_end ] --START--
INFO: Run Behavior\ShowPageTraceBehavior [ RunTime:0.001000s ]
INFO: [ app_end ] --END-- [ RunTime:0.001000s ]

[ 2017-03-21T18:03:48+08:00 ] ::1 /demo.lgwsh.net/admin.php
INFO: [ app_init ] --START--
INFO: Run Behavior\BuildLiteBehavior [ RunTime:0.000000s ]
INFO: [ app_init ] --END-- [ RunTime:0.000000s ]
INFO: [ app_begin ] --START--
INFO: Run Behavior\ReadHtmlCacheBehavior [ RunTime:0.001000s ]
INFO: [ app_begin ] --END-- [ RunTime:0.001000s ]

[ 2017-03-21T18:03:48+08:00 ] ::1 /demo.lgwsh.net/admin.php/Public/login.html
INFO: [ app_init ] --START--
INFO: Run Behavior\BuildLiteBehavior [ RunTime:0.000000s ]
INFO: [ app_init ] --END-- [ RunTime:0.000000s ]
INFO: [ app_begin ] --START--
INFO: Run Behavior\ReadHtmlCacheBehavior [ RunTime:0.001000s ]
INFO: [ app_begin ] --END-- [ RunTime:0.001000s ]
INFO: [ view_parse ] --START--
INFO: [ template_filter ] --START--
INFO: Run Behavior\ContentReplaceBehavior [ RunTime:0.000000s ]
INFO: [ template_filter ] --END-- [ RunTime:0.000000s ]
INFO: Run Behavior\ParseTemplateBehavior [ RunTime:0.016001s ]
INFO: [ view_parse ] --END-- [ RunTime:0.016001s ]
INFO: [ view_filter ] --START--
INFO: Run Behavior\WriteHtmlCacheBehavior [ RunTime:0.000000s ]
INFO: [ view_filter ] --END-- [ RunTime:0.000000s ]
INFO: [ app_end ] --START--
INFO: Run Behavior\ShowPageTraceBehavior [ RunTime:0.001000s ]
INFO: [ app_end ] --END-- [ RunTime:0.001000s ]

[ 2017-03-21T18:03:51+08:00 ] ::1 /demo.lgwsh.net/admin.php/Public/login.html
INFO: [ app_init ] --START--
INFO: Run Behavior\BuildLiteBehavior [ RunTime:0.000000s ]
INFO: [ app_init ] --END-- [ RunTime:0.001000s ]
INFO: [ app_begin ] --START--
INFO: Run Behavior\ReadHtmlCacheBehavior [ RunTime:0.001001s ]
INFO: [ app_begin ] --END-- [ RunTime:0.001001s ]
SQL: SHOW COLUMNS FROM `ms_admin` [ RunTime:0.0330s ]
SQL: SELECT * FROM `ms_admin` WHERE `username` = 'admin' AND `password` = 'c4ca4238a0b923820dcc509a6f75849b' AND `status` = 1 LIMIT 1   [ RunTime:0.0010s ]
SQL: SHOW COLUMNS FROM `ms_admin_group` [ RunTime:0.0180s ]
SQL: SELECT * FROM `ms_admin_group` WHERE `id` = 1 LIMIT 1   [ RunTime:0.0030s ]
SQL: SHOW COLUMNS FROM `ms_menu` [ RunTime:0.0390s ]
SQL: SELECT * FROM `ms_menu` WHERE `parent_id` = 0 AND `id` IN ('1','2','18','29','37','3','24','25','30','31','42','44','26','27','28','47','32','33','36','41','34','35','38','39','40','45','46','48','49','50') AND `is_show` = 1  [ RunTime:0.0340s ]
SQL: SELECT * FROM `ms_menu` WHERE `parent_id` = 1 AND `is_show` = 1 AND `id` IN ('1','2','18','29','37','3','24','25','30','31','42','44','26','27','28','47','32','33','36','41','34','35','38','39','40','45','46','48','49','50')  [ RunTime:0.0000s ]
SQL: SELECT * FROM `ms_menu` WHERE `parent_id` = 3 AND `is_show` = 1 AND `id` IN ('1','2','18','29','37','3','24','25','30','31','42','44','26','27','28','47','32','33','36','41','34','35','38','39','40','45','46','48','49','50')  [ RunTime:0.0000s ]
SQL: SELECT * FROM `ms_menu` WHERE `parent_id` = 24 AND `is_show` = 1 AND `id` IN ('1','2','18','29','37','3','24','25','30','31','42','44','26','27','28','47','32','33','36','41','34','35','38','39','40','45','46','48','49','50')  [ RunTime:0.0000s ]
SQL: SELECT * FROM `ms_menu` WHERE `parent_id` = 26 AND `is_show` = 1 AND `id` IN ('1','2','18','29','37','3','24','25','30','31','42','44','26','27','28','47','32','33','36','41','34','35','38','39','40','45','46','48','49','50')  [ RunTime:0.0010s ]
SQL: SELECT * FROM `ms_menu` WHERE `parent_id` = 32 AND `is_show` = 1 AND `id` IN ('1','2','18','29','37','3','24','25','30','31','42','44','26','27','28','47','32','33','36','41','34','35','38','39','40','45','46','48','49','50')  [ RunTime:0.0000s ]
SQL: SELECT * FROM `ms_menu` WHERE `parent_id` = 34 AND `is_show` = 1 AND `id` IN ('1','2','18','29','37','3','24','25','30','31','42','44','26','27','28','47','32','33','36','41','34','35','38','39','40','45','46','48','49','50')  [ RunTime:0.0000s ]
SQL: SELECT * FROM `ms_menu` WHERE `parent_id` = 38 AND `is_show` = 1 AND `id` IN ('1','2','18','29','37','3','24','25','30','31','42','44','26','27','28','47','32','33','36','41','34','35','38','39','40','45','46','48','49','50')  [ RunTime:0.0010s ]
SQL: SELECT * FROM `ms_menu` WHERE `parent_id` = 45 AND `is_show` = 1 AND `id` IN ('1','2','18','29','37','3','24','25','30','31','42','44','26','27','28','47','32','33','36','41','34','35','38','39','40','45','46','48','49','50')  [ RunTime:0.0000s ]
SQL: SELECT * FROM `ms_menu` WHERE `parent_id` = 48 AND `is_show` = 1 AND `id` IN ('1','2','18','29','37','3','24','25','30','31','42','44','26','27','28','47','32','33','36','41','34','35','38','39','40','45','46','48','49','50')  [ RunTime:0.0000s ]

[ 2017-03-21T18:03:52+08:00 ] ::1 /demo.lgwsh.net/admin.php/Index/index.html
INFO: [ app_init ] --START--
INFO: Run Behavior\BuildLiteBehavior [ RunTime:0.000000s ]
INFO: [ app_init ] --END-- [ RunTime:0.000000s ]
INFO: [ app_begin ] --START--
INFO: Run Behavior\ReadHtmlCacheBehavior [ RunTime:0.000000s ]
INFO: [ app_begin ] --END-- [ RunTime:0.000000s ]
INFO: [ view_parse ] --START--
INFO: [ template_filter ] --START--
INFO: Run Behavior\ContentReplaceBehavior [ RunTime:0.000000s ]
INFO: [ template_filter ] --END-- [ RunTime:0.000000s ]
INFO: Run Behavior\ParseTemplateBehavior [ RunTime:0.032002s ]
INFO: [ view_parse ] --END-- [ RunTime:0.032002s ]
INFO: [ view_filter ] --START--
INFO: Run Behavior\WriteHtmlCacheBehavior [ RunTime:0.001000s ]
INFO: [ view_filter ] --END-- [ RunTime:0.001000s ]
INFO: [ app_end ] --START--
INFO: Run Behavior\ShowPageTraceBehavior [ RunTime:0.001000s ]
INFO: [ app_end ] --END-- [ RunTime:0.001000s ]

[ 2017-03-21T18:03:56+08:00 ] ::1 /demo.lgwsh.net/admin.php/goods/goodslist
INFO: [ app_init ] --START--
INFO: Run Behavior\BuildLiteBehavior [ RunTime:0.001000s ]
INFO: [ app_init ] --END-- [ RunTime:0.001000s ]
INFO: [ app_begin ] --START--
INFO: Run Behavior\ReadHtmlCacheBehavior [ RunTime:0.001000s ]
INFO: [ app_begin ] --END-- [ RunTime:0.001000s ]
INFO: [ view_parse ] --START--
INFO: [ template_filter ] --START--
INFO: Run Behavior\ContentReplaceBehavior [ RunTime:0.000000s ]
INFO: [ template_filter ] --END-- [ RunTime:0.000000s ]
INFO: Run Behavior\ParseTemplateBehavior [ RunTime:0.023002s ]
INFO: [ view_parse ] --END-- [ RunTime:0.023002s ]
INFO: [ view_filter ] --START--
INFO: Run Behavior\WriteHtmlCacheBehavior [ RunTime:0.000000s ]
INFO: [ view_filter ] --END-- [ RunTime:0.000000s ]
INFO: [ app_end ] --START--
INFO: Run Behavior\ShowPageTraceBehavior [ RunTime:0.000000s ]
INFO: [ app_end ] --END-- [ RunTime:0.000000s ]

[ 2017-03-21T18:03:57+08:00 ] ::1 /demo.lgwsh.net/admin.php/goods/add_goods.html
INFO: [ app_init ] --START--
INFO: Run Behavior\BuildLiteBehavior [ RunTime:0.000000s ]
INFO: [ app_init ] --END-- [ RunTime:0.000000s ]
INFO: [ app_begin ] --START--
INFO: Run Behavior\ReadHtmlCacheBehavior [ RunTime:0.001000s ]
INFO: [ app_begin ] --END-- [ RunTime:0.001000s ]
INFO: [ view_parse ] --START--
INFO: [ template_filter ] --START--
INFO: Run Behavior\ContentReplaceBehavior [ RunTime:0.000000s ]
INFO: [ template_filter ] --END-- [ RunTime:0.000000s ]
INFO: Run Behavior\ParseTemplateBehavior [ RunTime:0.031002s ]
INFO: [ view_parse ] --END-- [ RunTime:0.031002s ]
INFO: [ view_filter ] --START--
INFO: Run Behavior\WriteHtmlCacheBehavior [ RunTime:0.001000s ]
INFO: [ view_filter ] --END-- [ RunTime:0.001000s ]
INFO: [ app_end ] --START--
INFO: Run Behavior\ShowPageTraceBehavior [ RunTime:0.001000s ]
INFO: [ app_end ] --END-- [ RunTime:0.001000s ]

[ 2017-03-21T18:07:00+08:00 ] ::1 /demo.lgwsh.net/admin.php/goods/add_goods.html
INFO: [ app_init ] --START--
INFO: Run Behavior\BuildLiteBehavior [ RunTime:0.000000s ]
INFO: [ app_init ] --END-- [ RunTime:0.001000s ]
INFO: [ app_begin ] --START--
INFO: Run Behavior\ReadHtmlCacheBehavior [ RunTime:0.001000s ]
INFO: [ app_begin ] --END-- [ RunTime:0.001000s ]
INFO: [ view_parse ] --START--
INFO: [ template_filter ] --START--
INFO: Run Behavior\ContentReplaceBehavior [ RunTime:0.000000s ]
INFO: [ template_filter ] --END-- [ RunTime:0.000000s ]
INFO: Run Behavior\ParseTemplateBehavior [ RunTime:0.012000s ]
INFO: [ view_parse ] --END-- [ RunTime:0.012000s ]
INFO: [ view_filter ] --START--
INFO: Run Behavior\WriteHtmlCacheBehavior [ RunTime:0.000000s ]
INFO: [ view_filter ] --END-- [ RunTime:0.000000s ]
INFO: [ app_end ] --START--
INFO: Run Behavior\ShowPageTraceBehavior [ RunTime:0.000000s ]
INFO: [ app_end ] --END-- [ RunTime:0.000000s ]

[ 2017-03-21T18:07:34+08:00 ] ::1 /demo.lgwsh.net/admin.php/goods/add_goods.html
INFO: [ app_init ] --START--
INFO: Run Behavior\BuildLiteBehavior [ RunTime:0.000000s ]
INFO: [ app_init ] --END-- [ RunTime:0.001000s ]
INFO: [ app_begin ] --START--
INFO: Run Behavior\ReadHtmlCacheBehavior [ RunTime:0.002000s ]
INFO: [ app_begin ] --END-- [ RunTime:0.002000s ]
INFO: [ view_parse ] --START--
INFO: [ template_filter ] --START--
INFO: Run Behavior\ContentReplaceBehavior [ RunTime:0.000000s ]
INFO: [ template_filter ] --END-- [ RunTime:0.000000s ]
INFO: Run Behavior\ParseTemplateBehavior [ RunTime:0.018001s ]
INFO: [ view_parse ] --END-- [ RunTime:0.018001s ]
INFO: [ view_filter ] --START--
INFO: Run Behavior\WriteHtmlCacheBehavior [ RunTime:0.000000s ]
INFO: [ view_filter ] --END-- [ RunTime:0.000000s ]
INFO: [ app_end ] --START--
INFO: Run Behavior\ShowPageTraceBehavior [ RunTime:0.001000s ]
INFO: [ app_end ] --END-- [ RunTime:0.001000s ]

